[2016.01.25-10.21.27:592][  0]Log file open, 01/25/16 10:21:27
[2016.01.25-10.21.27:592][  0]LogInit:Display: Running engine for game: SaHS
[2016.01.25-10.21.27:592][  0]LogPlatformFile: Not using cached read wrapper
[2016.01.25-10.21.27:592][  0]LogInit:Display: RandInit(1923757720) SRandInit(1923757724).
[2016.01.25-10.21.27:592][  0]LogTaskGraph: Started task graph with 4 named threads and 5 total threads.
[2016.01.25-10.21.27:592][  0]LogStats: Stats thread started at 0.088612
[2016.01.25-10.21.27:592][  0]LogInit: Version: 4.10.2-2818068+++depot+UE4-Releases+4.10
[2016.01.25-10.21.27:592][  0]LogInit: API Version: 2758231
[2016.01.25-10.21.27:592][  0]LogInit: Compiled (64-bit): Jan  6 2016 17:36:42
[2016.01.25-10.21.27:593][  0]LogInit: Compiled with Visual C++: 19.00.23026.00
[2016.01.25-10.21.27:593][  0]LogInit: Build Configuration: Development
[2016.01.25-10.21.27:593][  0]LogInit: Branch Name: ++depot+UE4-Releases+4.10
[2016.01.25-10.21.27:593][  0]LogInit: Command line: 
[2016.01.25-10.21.27:593][  0]LogInit: Base directory: C:/Program Files (x86)/Epic Games/4.10/Engine/Binaries/Win64/
[2016.01.25-10.21.27:593][  0]LogInit: Rocket: 1
[2016.01.25-10.21.27:604][  0]LogInit: Using libcurl 7.41.0
[2016.01.25-10.21.27:604][  0]LogInit:  - built for x86_64-pc-win32
[2016.01.25-10.21.27:604][  0]LogInit:  - supports SSL with WinSSL
[2016.01.25-10.21.27:604][  0]LogInit:  - other features:
[2016.01.25-10.21.27:604][  0]LogInit:      CURL_VERSION_SSL
[2016.01.25-10.21.27:604][  0]LogInit:      CURL_VERSION_IPV6
[2016.01.25-10.21.27:604][  0]LogInit:      CURL_VERSION_ASYNCHDNS
[2016.01.25-10.21.27:604][  0]LogInit:      CURL_VERSION_LARGEFILE
[2016.01.25-10.21.27:604][  0]LogInit:      CURL_VERSION_IDN
[2016.01.25-10.21.27:604][  0]LogInit:  CurlRequestOptions (configurable via config and command line):
[2016.01.25-10.21.27:604][  0]LogInit:  - bVerifyPeer = true  - Libcurl will verify peer certificate
[2016.01.25-10.21.27:604][  0]LogInit:  - bUseHttpProxy = false  - Libcurl will NOT use HTTP proxy
[2016.01.25-10.21.27:604][  0]LogInit:  - bDontReuseConnections = false  - Libcurl will reuse connections
[2016.01.25-10.21.27:604][  0]LogInit:  - CertBundlePath = nullptr  - Libcurl will use whatever was configured at build time.
[2016.01.25-10.21.27:617][  0]LogInit: Presizing for 0 objects not considered by GC, pre-allocating 0 bytes.
[2016.01.25-10.21.27:629][  0]LogInit: Object subsystem initialized
[2016.01.25-10.21.27:630][  0]LogInit: Selected Device Profile: [Windows]
[2016.01.25-10.21.27:630][  0]LogInit: Applying CVar settings loaded from the selected device profile: [Windows]
[2016.01.25-10.21.27:642][  0]LogInit: Computer: LAPTOP-FJL9B752
[2016.01.25-10.21.27:642][  0]LogInit: User: R06564
[2016.01.25-10.21.27:642][  0]LogInit: CPU Page size=4096, Cores=2
[2016.01.25-10.21.27:642][  0]LogInit: High frequency timer resolution =2.343748 MHz
[2016.01.25-10.21.27:642][  0]LogMemory: Memory total: Physical=15.8GB (16GB approx)
[2016.01.25-10.21.27:642][  0]LogMemory: Platform Memory Stats for Windows
[2016.01.25-10.21.27:642][  0]LogMemory: Process Physical Memory: 55.82 MB used, 55.82 MB peak
[2016.01.25-10.21.27:642][  0]LogMemory: Process Virtual Memory: 57.44 MB used, 57.44 MB peak
[2016.01.25-10.21.27:642][  0]LogMemory: Physical Memory: 4267.98 MB used, 16218.47 MB total
[2016.01.25-10.21.27:642][  0]LogMemory: Virtual Memory: 378.43 MB used, 134217728.00 MB total
[2016.01.25-10.21.27:690][  0]LogTextLocalizationManager: No specific translations for ('en-GB') exist, so ('en') translations will be used.
[2016.01.25-10.21.28:457][  0]LogD3D11RHI: Found D3D11 adapter 0: NVIDIA GeForce 930M       (Feature Level 11_0)
[2016.01.25-10.21.28:457][  0]LogD3D11RHI: Adapter has 1996MB of dedicated video memory, 0MB of dedicated system memory, and 8109MB of shared system memory, 1 output[s]
[2016.01.25-10.21.28:466][  0]LogD3D11RHI: Found D3D11 adapter 1: Intel(R) HD Graphics 520 (Feature Level 11_0)
[2016.01.25-10.21.28:466][  0]LogD3D11RHI: Adapter has 128MB of dedicated video memory, 0MB of dedicated system memory, and 8109MB of shared system memory, 0 output[s]
[2016.01.25-10.21.28:468][  0]LogD3D11RHI: Found D3D11 adapter 2: Microsoft Basic Render Driver (Feature Level 11_0)
[2016.01.25-10.21.28:468][  0]LogD3D11RHI: Adapter has 0MB of dedicated video memory, 0MB of dedicated system memory, and 8109MB of shared system memory, 0 output[s]
[2016.01.25-10.21.28:468][  0]LogD3D11RHI: Chosen D3D11 Adapter Id = 0
[2016.01.25-10.21.28:473][  0]LogD3D11RHI: !Direct3DDevice
[2016.01.25-10.21.28:473][  0]LogRHI: Texture pool is 1361 MB (70% of 1945 MB)
[2016.01.25-10.21.28:499][  0]LogD3D11RHI: Async texture creation enabled
[2016.01.25-10.21.28:515][  0]LogShaderCompilers: Guid format shader working directory is -10 characters bigger than the processId version (../../../../../../Users/R06564/Documents/GitHub/SaHS/SaHS/Intermediate/Shaders/WorkingDirectory/8968/).
[2016.01.25-10.21.28:515][  0]LogShaderCompilers: Cleaned the shader compiler working directory 'C:/Users/R06564/AppData/Local/Temp/UnrealShaderWorkingDir/F54C200E4DB3A99EC93AE7947D0A3FA2/'.
[2016.01.25-10.21.28:515][  0]LogShaderCompilers:Display: Using Local Shader Compiler.
[2016.01.25-10.21.31:046][  0]LogTemp:Display: Loaded TP AllDesktopTargetPlatform
[2016.01.25-10.21.31:054][  0]LogTemp:Display: Loaded TP WindowsClientTargetPlatform
[2016.01.25-10.21.31:064][  0]LogTemp:Display: Loaded TP WindowsNoEditorTargetPlatform
[2016.01.25-10.21.31:070][  0]LogTemp:Display: Loaded TP WindowsServerTargetPlatform
[2016.01.25-10.21.31:078][  0]LogTemp:Display: Loaded TP WindowsTargetPlatform
[2016.01.25-10.21.31:083][  0]LogTemp:Display: Loaded TP AndroidTargetPlatform
[2016.01.25-10.21.31:087][  0]LogTemp:Display: Loaded TP Android_ASTCTargetPlatform
[2016.01.25-10.21.31:093][  0]LogTemp:Display: Loaded TP Android_ATCTargetPlatform
[2016.01.25-10.21.31:097][  0]LogTemp:Display: Loaded TP Android_DXTTargetPlatform
[2016.01.25-10.21.31:101][  0]LogTemp:Display: Loaded TP Android_ETC1TargetPlatform
[2016.01.25-10.21.31:108][  0]LogTemp:Display: Loaded TP Android_ETC2TargetPlatform
[2016.01.25-10.21.31:121][  0]LogTemp:Display: Loaded TP Android_MultiTargetPlatform
[2016.01.25-10.21.31:121][  0]LogTemp:Display: Loaded TP Android_PVRTCTargetPlatform
[2016.01.25-10.21.31:122][  0]LogTemp:Display: Loaded TP HTML5TargetPlatform
[2016.01.25-10.21.31:146][  0]LogTemp:Display: Loaded TP IOSTargetPlatform
[2016.01.25-10.21.31:150][  0]LogTemp:Display: Loaded TP LinuxNoEditorTargetPlatform
[2016.01.25-10.21.31:155][  0]LogTemp:Display: Loaded TP LinuxServerTargetPlatform
[2016.01.25-10.21.31:161][  0]LogTemp:Display: Loaded TP LinuxTargetPlatform
[2016.01.25-10.21.31:161][  0]LogTargetPlatformManager:Display: Building Assets For Windows
[2016.01.25-10.21.31:305][  0]LogDerivedDataCache:Display: Max Cache Size: 512 MB
[2016.01.25-10.21.31:386][  0]LogDerivedDataCache: Loaded boot cache 0.08s 41MB C:/Users/R06564/AppData/Local/UnrealEngine/4.10/DerivedDataCache/Boot.ddc.
[2016.01.25-10.21.31:386][  0]LogDerivedDataCache:Display: Loaded Boot cache: C:/Users/R06564/AppData/Local/UnrealEngine/4.10/DerivedDataCache/Boot.ddc
[2016.01.25-10.21.31:386][  0]LogDerivedDataCache: FDerivedDataBackendGraph:  Pak pak cache file ../../../../../../Users/R06564/Documents/GitHub/SaHS/SaHS/DerivedDataCache/DDC.ddp not found, will not use a pak cache.
[2016.01.25-10.21.31:386][  0]LogDerivedDataCache: Unable to find inner node Pak for hierarchical cache Hierarchy.
[2016.01.25-10.21.31:386][  0]LogDerivedDataCache: FDerivedDataBackendGraph:  CompressedPak pak cache file ../../../../../../Users/R06564/Documents/GitHub/SaHS/SaHS/DerivedDataCache/Compressed.ddp not found, will not use a pak cache.
[2016.01.25-10.21.31:386][  0]LogDerivedDataCache: Unable to find inner node CompressedPak for hierarchical cache Hierarchy.
[2016.01.25-10.21.31:501][  0]LogDerivedDataCache:Display: Pak cache opened for reading ../../../Engine/DerivedDataCache/Compressed.ddp.
[2016.01.25-10.21.31:528][  0]LogDerivedDataCache: Using Local data cache path C:/Users/R06564/AppData/Local/UnrealEngine/Common/DerivedDataCache: Writable
[2016.01.25-10.21.31:887][  0]LogInit: Selected Device Profile: [Windows]
[2016.01.25-10.21.31:893][  0]LogContentStreaming: Texture pool size is 0.000000MB
[2016.01.25-10.21.32:092][  0]LogMeshUtilities: No automatic mesh reduction module available
[2016.01.25-10.21.32:092][  0]LogMeshUtilities: No automatic mesh merging module available
[2016.01.25-10.21.32:433][  0]LogInit: WinSock: version 1.1 (2.2), MaxSocks=32767, MaxUdp=65467
[2016.01.25-10.21.33:685][  0]UdpMessaging: Initializing bridge on interface 0.0.0.0:0 to multicast group 230.0.0.1:6666.
[2016.01.25-10.21.33:826][  0]LogAssetRegistry: FAssetRegistry took 0.0110 seconds to start up
[2016.01.25-10.21.34:247][  0]SourceControl: Info Source control is disabled
[2016.01.25-10.21.34:249][  0]SourceControl: Info Source control is disabled
[2016.01.25-10.21.34:270][  0]SourceControl: Info Source control is disabled
[2016.01.25-10.21.34:292][  0]SourceControl: Info Source control is disabled
[2016.01.25-10.21.34:724][  0]LogObj: 28633 objects as part of root set at end of initial load.
[2016.01.25-10.21.34:725][  0]LogUObjectAllocator: 6099744 out of 0 bytes used by permanent object pool.
[2016.01.25-10.21.34:820][  0]LogEngine: Initializing Engine...
[2016.01.25-10.21.34:826][  0]LogHMD: Can't find Oculus library dev build: is proper Runtime installed? Version: 0.8.0.0
[2016.01.25-10.21.34:827][  0]LogHMD: SteamVR failed to initialize.  Err: 110
[2016.01.25-10.21.35:050][  0]LogAIModule: Creating AISystem for world NewWorld
[2016.01.25-10.21.35:059][  0]LogInit: XAudio2 using 'Speakers (Conexant SmartAudio HD)' : 2 channels at 48 kHz using 32 bits per sample (channel mask 0x3)
[2016.01.25-10.21.35:201][  0]LogInit: FAudioDevice initialized.
[2016.01.25-10.21.35:227][  0]LogDerivedDataCache: Saved boot cache 0.03s 41MB C:/Users/R06564/AppData/Local/UnrealEngine/4.10/DerivedDataCache/Boot.ddc.
[2016.01.25-10.21.35:230][  0]LogInit: Texture streaming: Enabled
[2016.01.25-10.21.35:270][  0]LogAnalytics: Creating configured Analytics provider AnalyticsET
[2016.01.25-10.21.35:270][  0]LogAnalytics: [UEEditor.Rocket.Release] APIServer = http://et2.epicgames.com/ET2/. AppVersion = 4.10.2-2818068+++depot+UE4-Releases+4.10
[2016.01.25-10.21.35:271][  0]LogAnalytics: [UEEditor.Rocket.Release] SetUserId fab7cf5b488d08ad77e10f98a46a7981|f50b8d9ce9b147eda35341b9bd411beb|0e9b4154-5591-4541-93b8-e9076de537f1
[2016.01.25-10.21.35:272][  0]LogAnalytics: [UEEditor.Rocket.Release] AnalyticsET::StartSession
[2016.01.25-10.21.35:289][  0]LogInit: Transaction tracking system initialized
[2016.01.25-10.21.35:353][  0]BlueprintLog: New page: Editor Load
[2016.01.25-10.21.35:512][  0]LocalizationService: Info Localization service is disabled
[2016.01.25-10.21.35:671][  0]LogConsoleResponse:Display: 
[2016.01.25-10.21.35:888][  0]LogFileCache: Scanning file cache for directory 'C:/Users/R06564/Documents/GitHub/SaHS/SaHS/Content/' took 0.01s
[2016.01.25-10.21.35:888][  0]LogCook:Display: Done creating registry. It took  0.00s.
[2016.01.25-10.21.36:002][  0]SourceControl: Info Source control is disabled
[2016.01.25-10.21.36:002][  0]Cmd: MAP LOAD FILE="../../../Engine/Content/Maps/Templates/Template_Default.umap" TEMPLATE=1 SHOWPROGRESS=1 FEATURELEVEL=3
[2016.01.25-10.21.36:021][  0]LightingResults: New page: Lighting Build
[2016.01.25-10.21.36:030][  0]MapCheck: New page: Map Check
[2016.01.25-10.21.36:030][  0]LightingResults: New page: Lighting Build
[2016.01.25-10.21.36:061][  0]LogParticles: Destroying 0 GPU particle simulations for FXSystem 0x000000EA15C8FB00
[2016.01.25-10.21.36:528][  0]LogAIModule: Creating AISystem for world Untitled_1
[2016.01.25-10.21.36:541][  0]LogEditorServer: Finished looking for orphan Actors (0.000 secs)
[2016.01.25-10.21.36:549][  0]Cmd: MAP CHECKDEP NOCLEARLOG
[2016.01.25-10.21.36:618][  0]MapCheck: Info Map check complete: 0 Error(s), 0 Warning(s), took 69.145ms to complete.
[2016.01.25-10.21.36:618][  0]LogFileHelpers: Loading map 'Template_Default' took 0.615
[2016.01.25-10.21.36:911][  0]LogCollectionManager: Loaded 0 collections in 0.003613 seconds
[2016.01.25-10.21.36:982][  0]LogFileCache: Scanning file cache for directory 'C:/Users/R06564/Documents/GitHub/SaHS/SaHS/Saved/Collections/' took 0.01s
[2016.01.25-10.21.36:982][  0]LogFileCache: Scanning file cache for directory 'C:/Users/R06564/Documents/GitHub/SaHS/SaHS/Content/Developers/R06564/Collections/' took 0.01s
[2016.01.25-10.21.36:982][  0]LogFileCache: Scanning file cache for directory 'C:/Users/R06564/Documents/GitHub/SaHS/SaHS/Content/Collections/' took 0.02s
[2016.01.25-10.21.36:982][  0]LogCollectionManager: Rebuilt the GUID cache for 0 collections in 0.000002 seconds
[2016.01.25-10.21.37:001][  0]LogContentBrowser: Native class hierarchy populated in 0.0172 seconds. Added 1893 classes and 338 folders.
[2016.01.25-10.21.37:020][  0]LogContentBrowser: Native class hierarchy updated for 'WidgetCarousel' in 0.0005 seconds. Added 0 classes and 0 folders.
[2016.01.25-10.21.37:127][  0]LogContentBrowser: Native class hierarchy updated for 'AddContentDialog' in 0.0005 seconds. Added 0 classes and 0 folders.
[2016.01.25-10.21.37:143][  0]LogContentBrowser: Native class hierarchy updated for 'SceneOutliner' in 0.0004 seconds. Added 1 classes and 2 folders.
[2016.01.25-10.21.37:210][  0]LogCrashTracker: Crashtracker disabled due to settings.
[2016.01.25-10.21.37:230][  0]LogUObjectGlobals:Warning: Failed to find object 'Class None.'
[2016.01.25-10.21.37:256][  0]LogLoad: Full Startup: 10.27 seconds (BP compile: 0.08 seconds)
[2016.01.25-10.21.37:278][  0]LogOcInput: Can't find Oculus library dev build: is proper Runtime installed? Version: 0.8.0.0
[2016.01.25-10.21.37:369][  0]LogContentStreaming: Texture pool size now 1000 MB
[2016.01.25-10.21.37:566][  0]LogRenderer: Reallocating scene render targets to support 964x440 (Frame:2).
[2016.01.25-10.21.38:021][  5]LogAssetRegistry: Asset discovery search completed in 4.2066 seconds
[2016.01.25-10.21.38:021][  5]LogCollectionManager: Rebuilt the object cache for 0 collections in 0.000000 seconds (found 0 objects)
[2016.01.25-10.21.38:021][  5]LogCollectionManager: Fixed up redirectors for 0 collections in 0.000028 seconds (updated 0 objects)
[2016.01.25-10.21.45:085][316]LogTexture:Display: Building textures: Start-Icon (AutoDXT)
[2016.01.25-10.21.45:112][316]LogTexture:Display: Building textures: End-Icon (AutoDXT)
[2016.01.25-10.21.45:282][316]LogLinker:Warning: Asset '../../../Engine/Content/ArtTools/RenderToTexture/Macros/RenderToTextureMacros.uasset' has been saved with empty engine version. The asset will be loaded but may be incompatible.
[2016.01.25-10.21.45:882][316]LogContentBrowser: Native class hierarchy updated for 'BlueprintGraph' in 0.0011 seconds. Added 107 classes and 0 folders.
[2016.01.25-10.21.46:549][316]LogTexture:Display: Building textures: Close_Button (BGRA8)
[2016.01.25-10.21.46:578][316]LogTexture:Display: Building textures: Instructions_Area (AutoDXT)
[2016.01.25-10.21.47:460][316]LogLinker:Warning: Can't resolve asset name
[2016.01.25-10.21.47:468][316]LogBlueprintUserMessages: [Control_Instruction_C_0] Set Instruction Texture Error!
[2016.01.25-10.22.30:207][860]LogTexture:Display: Building textures: To-CPU-From-Memory (AutoDXT)
[2016.01.25-10.22.30:650][860]LogTexture:Display: Building textures: Buttons (AutoDXT)
[2016.01.25-10.22.30:946][860]LogTexture:Display: Building textures: To-Memory-Button (AutoDXT)
[2016.01.25-10.22.31:294][860]LogTexture:Display: Building textures: To-CPU (AutoDXT)
[2016.01.25-10.22.31:455][860]LogTexture:Display: Building textures: Raw_Binary_Area (AutoDXT)
[2016.01.25-10.22.31:492][860]LogTexture:Display: Building textures: Memory-Background (AutoDXT)
[2016.01.25-10.22.31:753][860]LogTexture:Display: Building textures: Information_Area (BGRA8)
[2016.01.25-10.22.31:782][860]LogTexture:Display: Building textures: CPU-Background (AutoDXT)
[2016.01.25-10.22.32:073][860]LogTexture:Display: Building textures: Connector_v2 (BGRA8)
[2016.01.25-10.22.32:087][860]LogTexture:Display: Building textures: Connector_v2_full (BGRA8)
[2016.01.25-10.22.32:121][860]LogTexture:Display: Building textures: Add_Register_Button (BGRA8)
[2016.01.25-10.22.32:135][860]LogTexture:Display: Building textures: Main-Menu-Background (AutoDXT)
[2016.01.25-10.22.32:398][860]LogTexture:Display: Building textures: To-Options (AutoDXT)
[2016.01.25-10.22.32:681][860]LogAIModule: Creating AISystem for world Game_Level
[2016.01.25-10.22.32:814][860]Cmd: MAP LOAD FILE="../../../../../../Users/R06564/Documents/GitHub/SaHS/SaHS/Content/Levels/Game_Level.umap" TEMPLATE=0 SHOWPROGRESS=1 FEATURELEVEL=3
[2016.01.25-10.22.32:814][860]LightingResults: New page: Lighting Build
[2016.01.25-10.22.32:838][860]LoadErrors: New page: Loading map: Game_Level.umap
[2016.01.25-10.22.32:838][860]MapCheck: New page: Map Check
[2016.01.25-10.22.32:839][860]LightingResults: New page: Lighting Build
[2016.01.25-10.22.32:889][860]LogParticles: Destroying 0 GPU particle simulations for FXSystem 0x000000EA15FB37E0
[2016.01.25-10.22.32:901][860]LogEditorServer: Finished looking for orphan Actors (0.000 secs)
[2016.01.25-10.22.32:954][860]Cmd: MAP CHECKDEP NOCLEARLOG
[2016.01.25-10.22.33:031][860]MapCheck: Info Map check complete: 0 Error(s), 0 Warning(s), took 77.354ms to complete.
[2016.01.25-10.22.33:031][860]LogFileHelpers: Loading map 'Game_Level' took 0.220
[2016.01.25-10.22.37:757][105]LogBlueprintUserMessages: Early PlayInEditor Detection: Level '/Game/Levels/Game_Level.Game_Level:PersistentLevel' has LevelScriptBlueprint '/Game/Levels/Game_Level.Game_Level:PersistentLevel.Game_Level' with GeneratedClass '/Game/Levels/Game_Level.Game_Level_C' with ClassGeneratedBy '/Game/Levels/Game_Level.Game_Level:PersistentLevel.Game_Level'
[2016.01.25-10.22.37:758][105]LogPlayLevel: PlayLevel: No blueprints needed recompiling
[2016.01.25-10.22.37:761][105]PIE: New page: PIE session: Game_Level (25 Jan 2016 10:22:37)
[2016.01.25-10.22.37:761][105]LogPlayLevel: Creating play world package: /Game/Levels/UEDPIE_0_Game_Level
[2016.01.25-10.22.37:790][105]LogPlayLevel: PIE: StaticDuplicateObject took: (0.028253s)
[2016.01.25-10.22.37:790][105]LogAIModule: Creating AISystem for world Game_Level
[2016.01.25-10.22.37:791][105]LogPlayLevel: PIE: World Init took: (0.000611s)
[2016.01.25-10.22.37:791][105]LogPlayLevel: PIE: Created PIE world by copying editor world from /Game/Levels/Game_Level.Game_Level to /Game/Levels/UEDPIE_0_Game_Level.Game_Level (0.029711s)
[2016.01.25-10.22.37:847][105]LogInit: XAudio2 using 'Speakers (Conexant SmartAudio HD)' : 2 channels at 48 kHz using 32 bits per sample (channel mask 0x3)
[2016.01.25-10.22.37:860][105]LogInit: FAudioDevice initialized.
[2016.01.25-10.22.37:928][105]LogWorld: Game class is 'Mouse_Gamemode_C'
[2016.01.25-10.22.37:934][105]LogWorld: Bringing World /Game/Levels/UEDPIE_0_Game_Level.Game_Level up for play (max tick rate 60) at 2016.01.25-10.22.37
[2016.01.25-10.22.37:935][105]LogActor:Warning: GameSession /Game/Levels/UEDPIE_0_Game_Level.Game_Level:PersistentLevel.GameSession_0 has natively added scene component(s), but none of them were set as the actor's RootComponent - picking one arbitrarily
[2016.01.25-10.22.37:936][105]LogActor:Warning: GameNetworkManager /Game/Levels/UEDPIE_0_Game_Level.Game_Level:PersistentLevel.GameNetworkManager_0 has natively added scene component(s), but none of them were set as the actor's RootComponent - picking one arbitrarily
[2016.01.25-10.22.37:938][105]LogWorld: Bringing up level for play took: 0.008995
[2016.01.25-10.22.37:947][105]LogLevel:Warning: EnableInput on a LevelScript actor can not be specified for only one PlayerController.  Enabling for all PlayerControllers.
[2016.01.25-10.22.37:963][105]PIE: Info Play in editor start time for /Game/Levels/UEDPIE_0_Game_Level 0.135
[2016.01.25-10.22.37:963][105]LogBlueprintUserMessages: Late PlayInEditor Detection: Level '/Game/Levels/Game_Level.Game_Level:PersistentLevel' has LevelScriptBlueprint '/Game/Levels/Game_Level.Game_Level:PersistentLevel.Game_Level' with GeneratedClass '/Game/Levels/Game_Level.Game_Level_C' with ClassGeneratedBy '/Game/Levels/Game_Level.Game_Level:PersistentLevel.Game_Level'
[2016.01.25-10.22.43:381][393]LogBlueprintUserMessages: Early EndPlayMap Detection: Level '/Game/Levels/Game_Level.Game_Level:PersistentLevel' has LevelScriptBlueprint '/Game/Levels/Game_Level.Game_Level:PersistentLevel.Game_Level' with GeneratedClass '/Game/Levels/Game_Level.Game_Level_C' with ClassGeneratedBy '/Game/Levels/Game_Level.Game_Level:PersistentLevel.Game_Level'
[2016.01.25-10.22.43:480][393]LogBlueprintUserMessages: Late EndPlayMap Detection: Level '/Game/Levels/Game_Level.Game_Level:PersistentLevel' has LevelScriptBlueprint '/Game/Levels/Game_Level.Game_Level:PersistentLevel.Game_Level' with GeneratedClass '/Game/Levels/Game_Level.Game_Level_C' with ClassGeneratedBy '/Game/Levels/Game_Level.Game_Level:PersistentLevel.Game_Level'
[2016.01.25-10.22.43:601][394]LogParticles: Destroying 0 GPU particle simulations for FXSystem 0x000000EA3A7BC540
[2016.01.25-10.23.53:880][869]LogActorComponent: UnregisterComponent: (/Engine/Transient.EditorFloorComp) Not registered. Aborting.
[2016.01.25-10.23.53:962][869]LogWindowsTextInputMethodSystem:Display: IME system now deactivated.
[2016.01.25-10.23.54:189][870]Cmd: QUIT_EDITOR
[2016.01.25-10.23.54:892][870]LogExit: Preparing to exit.
[2016.01.25-10.23.55:823][870]LogExit: Editor shut down
[2016.01.25-10.23.55:823][870]LogExit: Transaction tracking system shut down
[2016.01.25-10.23.55:825][870]LogParticles: Destroying 0 GPU particle simulations for FXSystem 0x000000EA2173B880
[2016.01.25-10.23.55:826][870]LogParticles: Destroying 0 GPU particle simulations for FXSystem 0x000000EA079A0A40
[2016.01.25-10.23.55:829][870]LogParticles: Destroying 0 GPU particle simulations for FXSystem 0x000000EA3A7811C0
[2016.01.25-10.23.55:830][870]LogParticles: Destroying 0 GPU particle simulations for FXSystem 0x000000EA3F795940
[2016.01.25-10.23.55:830][870]LogParticles: Destroying 0 GPU particle simulations for FXSystem 0x000000EA3F7953A0
[2016.01.25-10.23.55:834][870]LogParticles: Destroying 0 GPU particle simulations for FXSystem 0x000000EA14AE9F80
[2016.01.25-10.23.56:035][870]LogExit: Object subsystem successfully closed.
[2016.01.25-10.23.56:054][870]LogD3D11RHI: Shutdown
[2016.01.25-10.23.56:054][870]LogD3D11RHI: CleanupD3DDevice
[2016.01.25-10.23.56:134][870]LogD3D11RHI: ~FD3D11DynamicRHI
[2016.01.25-10.23.56:154][870]LogModuleManager: Shutting down and abandoning module SequencerWidgets (200)
[2016.01.25-10.23.56:154][870]LogModuleManager: Shutting down and abandoning module BlueprintGraph (199)
[2016.01.25-10.23.56:154][870]LogModuleManager: Shutting down and abandoning module CrashTracker (198)
[2016.01.25-10.23.56:154][870]LogModuleManager: Shutting down and abandoning module SceneOutliner (197)
[2016.01.25-10.23.56:154][870]LogModuleManager: Shutting down and abandoning module SuperSearch (196)
[2016.01.25-10.23.56:154][870]LogModuleManager: Shutting down and abandoning module WidgetCarousel (195)
[2016.01.25-10.23.56:154][870]LogModuleManager: Shutting down and abandoning module AddContentDialog (194)
[2016.01.25-10.23.56:156][870]LogModuleManager: Shutting down and abandoning module EditorWidgets (193)
[2016.01.25-10.23.56:156][870]LogModuleManager: Shutting down and abandoning module CollectionManager (192)
[2016.01.25-10.23.56:156][870]LogModuleManager: Shutting down and abandoning module StatsViewer (191)
[2016.01.25-10.23.56:156][870]LogModuleManager: Shutting down and abandoning module FoliageEdit (190)
[2016.01.25-10.23.56:156][870]LogModuleManager: Shutting down and abandoning module LandscapeEditor (189)
[2016.01.25-10.23.56:157][870]LogModuleManager: Shutting down and abandoning module ActorPickerMode (188)
[2016.01.25-10.23.56:157][870]LogModuleManager: Shutting down and abandoning module GeometryMode (187)
[2016.01.25-10.23.56:157][870]LogModuleManager: Shutting down and abandoning module TextureAlignMode (186)
[2016.01.25-10.23.56:157][870]LogModuleManager: Shutting down and abandoning module BspMode (185)
[2016.01.25-10.23.56:157][870]LogModuleManager: Shutting down and abandoning module PlacementMode (184)
[2016.01.25-10.23.56:157][870]LogModuleManager: Shutting down and abandoning module AutomationWorker (183)
[2016.01.25-10.23.56:157][870]LogModuleManager: Shutting down and abandoning module CharacterAI (182)
[2016.01.25-10.23.56:157][870]LogModuleManager: Shutting down and abandoning module SmartSnapping (181)
[2016.01.25-10.23.56:157][870]LogModuleManager: Shutting down and abandoning module ViewportSnapping (180)
[2016.01.25-10.23.56:157][870]LogModuleManager: Shutting down and abandoning module LogVisualizer (179)
[2016.01.25-10.23.56:157][870]LogModuleManager: Shutting down and abandoning module GameProjectGeneration (178)
[2016.01.25-10.23.56:157][870]LogModuleManager: Shutting down and abandoning module IntroTutorials (177)
[2016.01.25-10.23.56:157][870]LogModuleManager: Shutting down and abandoning module EditorLiveStreaming (176)
[2016.01.25-10.23.56:157][870]LogModuleManager: Shutting down and abandoning module IOSPlatformEditor (175)
[2016.01.25-10.23.56:157][870]LogModuleManager: Shutting down and abandoning module HTML5PlatformEditor (174)
[2016.01.25-10.23.56:157][870]LogModuleManager: Shutting down and abandoning module AndroidDeviceDetection (173)
[2016.01.25-10.23.56:679][870]LogModuleManager: Shutting down and abandoning module AndroidPlatformEditor (172)
[2016.01.25-10.23.56:679][870]LogModuleManager: Shutting down and abandoning module IOSRuntimeSettings (171)
[2016.01.25-10.23.56:679][870]LogModuleManager: Shutting down and abandoning module AndroidRuntimeSettings (170)
[2016.01.25-10.23.56:679][870]LogModuleManager: Shutting down and abandoning module MergeActors (169)
[2016.01.25-10.23.56:679][870]LogModuleManager: Shutting down and abandoning module SizeMap (168)
[2016.01.25-10.23.56:679][870]LogModuleManager: Shutting down and abandoning module TreeMap (167)
[2016.01.25-10.23.56:679][870]LogModuleManager: Shutting down and abandoning module ReferenceViewer (166)
[2016.01.25-10.23.56:679][870]LogModuleManager: Shutting down and abandoning module LocalizationService (165)
[2016.01.25-10.23.56:679][870]LogModuleManager: Shutting down and abandoning module LocalizationDashboard (164)
[2016.01.25-10.23.56:679][870]LogModuleManager: Shutting down and abandoning module HardwareTargeting (163)
[2016.01.25-10.23.56:679][870]LogModuleManager: Shutting down and abandoning module DeviceProfileEditor (162)
[2016.01.25-10.23.56:679][870]LogModuleManager: Shutting down and abandoning module UndoHistory (161)
[2016.01.25-10.23.56:679][870]LogModuleManager: Shutting down and abandoning module GameplayTagsEditor (160)
[2016.01.25-10.23.56:679][870]LogModuleManager: Shutting down and abandoning module UserFeedback (159)
[2016.01.25-10.23.56:679][870]LogModuleManager: Shutting down and abandoning module XmlParser (158)
[2016.01.25-10.23.56:679][870]LogModuleManager: Shutting down and abandoning module Blutility (157)
[2016.01.25-10.23.56:679][870]LogModuleManager: Shutting down and abandoning module ProjectTargetPlatformEditor (156)
[2016.01.25-10.23.56:679][870]LogModuleManager: Shutting down and abandoning module ProjectSettingsViewer (155)
[2016.01.25-10.23.56:679][870]LogModuleManager: Shutting down and abandoning module InputBindingEditor (154)
[2016.01.25-10.23.56:679][870]LogModuleManager: Shutting down and abandoning module EditorSettingsViewer (153)
[2016.01.25-10.23.56:679][870]LogModuleManager: Shutting down and abandoning module SettingsEditor (152)
[2016.01.25-10.23.56:679][870]LogModuleManager: Shutting down and abandoning module ProjectLauncher (151)
[2016.01.25-10.23.56:679][870]LogModuleManager: Shutting down and abandoning module SessionFrontend (150)
[2016.01.25-10.23.56:679][870]LogModuleManager: Shutting down and abandoning module ProfilerClient (149)
[2016.01.25-10.23.56:679][870]LogModuleManager: Shutting down and abandoning module TargetDeviceServices (148)
[2016.01.25-10.23.56:679][870]LogModuleManager: Shutting down and abandoning module DeviceManager (147)
[2016.01.25-10.23.56:679][870]LogModuleManager: Shutting down and abandoning module AutomationController (146)
[2016.01.25-10.23.56:679][870]LogModuleManager: Shutting down and abandoning module AutomationWindow (145)
[2016.01.25-10.23.56:679][870]LogModuleManager: Shutting down and abandoning module Layers (144)
[2016.01.25-10.23.56:679][870]LogModuleManager: Shutting down and abandoning module ComponentVisualizers (143)
[2016.01.25-10.23.56:679][870]LogModuleManager: Shutting down and abandoning module DetailCustomizations (142)
[2016.01.25-10.23.56:680][870]LogModuleManager: Shutting down and abandoning module PackagesDialog (141)
[2016.01.25-10.23.56:680][870]LogModuleManager: Shutting down and abandoning module Persona (140)
[2016.01.25-10.23.56:680][870]LogModuleManager: Shutting down and abandoning module Kismet (139)
[2016.01.25-10.23.56:680][870]LogModuleManager: Shutting down and abandoning module GraphEditor (138)
[2016.01.25-10.23.56:680][870]LogModuleManager: Shutting down and abandoning module ClassViewer (137)
[2016.01.25-10.23.56:680][870]LogModuleManager: Shutting down and abandoning module Toolbox (136)
[2016.01.25-10.23.56:680][870]LogModuleManager: Shutting down and abandoning module ModuleUI (135)
[2016.01.25-10.23.56:680][870]LogModuleManager: Shutting down and abandoning module MovieSceneTools (134)
[2016.01.25-10.23.56:680][870]LogModuleManager: Shutting down and abandoning module OutputLog (133)
[2016.01.25-10.23.56:680][870]LogModuleManager: Shutting down and abandoning module GammaUI (132)
[2016.01.25-10.23.56:680][870]LogModuleManager: Shutting down and abandoning module Documentation (131)
[2016.01.25-10.23.56:680][870]LogModuleManager: Shutting down and abandoning module GameLiveStreaming (130)
[2016.01.25-10.23.56:680][870]LogModuleManager: Shutting down and abandoning module StreamingPauseRendering (129)
[2016.01.25-10.23.56:680][870]LogModuleManager: Shutting down and abandoning module AnalyticsET (128)
[2016.01.25-10.23.56:680][870]LogModuleManager: Shutting down and abandoning module Analytics (127)
[2016.01.25-10.23.56:680][870]LogModuleManager: Shutting down and abandoning module AITestSuite (126)
[2016.01.25-10.23.56:680][870]LogModuleManager: Shutting down and abandoning module GameplayDebugger (125)
[2016.01.25-10.23.56:680][870]LogModuleManager: Shutting down and abandoning module AIModule (124)
[2016.01.25-10.23.56:680][870]LogModuleManager: Shutting down and abandoning module ProfilerService (123)
[2016.01.25-10.23.56:810][870]LogModuleManager: Shutting down and abandoning module TaskGraph (122)
[2016.01.25-10.23.56:810][870]LogModuleManager: Shutting down and abandoning module SlateRemote (121)
[2016.01.25-10.23.56:810][870]LogModuleManager: Shutting down and abandoning module SteamVRController (120)
[2016.01.25-10.23.56:810][870]LogModuleManager: Shutting down and abandoning module SteamVR (119)
[2016.01.25-10.23.56:810][870]LogModuleManager: Shutting down and abandoning module ProceduralMeshComponent (118)
[2016.01.25-10.23.56:810][870]LogModuleManager: Shutting down and abandoning module OculusLibrary (117)
[2016.01.25-10.23.56:810][870]LogModuleManager: Shutting down and abandoning module OculusInput (116)
[2016.01.25-10.23.56:810][870]LogModuleManager: Shutting down and abandoning module LeapMotionController (115)
[2016.01.25-10.23.56:822][870]LogModuleManager: Shutting down and abandoning module CustomMeshComponent (114)
[2016.01.25-10.23.56:822][870]LogModuleManager: Shutting down and abandoning module CableComponent (113)
[2016.01.25-10.23.56:822][870]LogModuleManager: Shutting down and abandoning module ArchVisCharacter (112)
[2016.01.25-10.23.56:822][870]LogModuleManager: Shutting down and abandoning module MessagingDebugger (111)
[2016.01.25-10.23.56:822][870]LogModuleManager: Shutting down and abandoning module MediaPlayerEditor (110)
[2016.01.25-10.23.56:822][870]LogModuleManager: Shutting down and abandoning module HTML5Networking (109)
[2016.01.25-10.23.56:822][870]LogModuleManager: Shutting down and abandoning module SpeedTreeImporter (108)
[2016.01.25-10.23.56:822][870]LogModuleManager: Shutting down and abandoning module PluginBrowser (107)
[2016.01.25-10.23.56:822][870]LogModuleManager: Shutting down and abandoning module EpicSurvey (106)
[2016.01.25-10.23.56:822][870]LogModuleManager: Shutting down and abandoning module DesktopPlatform (105)
[2016.01.25-10.23.56:822][870]LogModuleManager: Shutting down and abandoning module VisualStudioSourceCodeAccess (104)
[2016.01.25-10.23.56:822][870]LogModuleManager: Shutting down and abandoning module UObjectPlugin (103)
[2016.01.25-10.23.56:822][870]LogModuleManager: Shutting down and abandoning module SubversionSourceControl (102)
[2016.01.25-10.23.56:822][870]LogModuleManager: Shutting down and abandoning module PerforceSourceControl (101)
[2016.01.25-10.23.56:822][870]LogModuleManager: Shutting down and abandoning module SourceControl (100)
[2016.01.25-10.23.56:822][870]LogModuleManager: Shutting down and abandoning module GitSourceControl (99)
[2016.01.25-10.23.56:822][870]LogModuleManager: Shutting down and abandoning module LightPropagationVolumeEditor (98)
[2016.01.25-10.23.56:822][870]LogModuleManager: Shutting down and abandoning module PaperTiledImporter (97)
[2016.01.25-10.23.56:822][870]LogModuleManager: Shutting down and abandoning module PaperSpriteSheetImporter (96)
[2016.01.25-10.23.56:822][870]LogModuleManager: Shutting down and abandoning module MeshPaint (95)
[2016.01.25-10.23.56:822][870]LogModuleManager: Shutting down and abandoning module SlateReflector (94)
[2016.01.25-10.23.56:822][870]LogModuleManager: Shutting down and abandoning module HotReload (93)
[2016.01.25-10.23.56:822][870]LogModuleManager: Shutting down and abandoning module MainFrame (92)
[2016.01.25-10.23.56:822][870]LogModuleManager: Shutting down and abandoning module LevelEditor (91)
[2016.01.25-10.23.56:823][870]LogModuleManager: Shutting down and abandoning module DirectoryWatcher (90)
[2016.01.25-10.23.56:823][870]LogModuleManager: Shutting down and abandoning module AssetRegistry (89)
[2016.01.25-10.23.56:865][870]LogModuleManager: Shutting down and abandoning module ContentBrowser (88)
[2016.01.25-10.23.56:866][870]LogModuleManager: Shutting down and abandoning module Paper2DEditor (87)
[2016.01.25-10.23.56:866][870]LogModuleManager: Shutting down and abandoning module UdpMessaging (86)
[2016.01.25-10.23.56:967][870]LogModuleManager: Shutting down and abandoning module LightPropagationVolumeRuntime (85)
[2016.01.25-10.23.56:967][870]LogModuleManager: Shutting down and abandoning module Paper2D (84)
[2016.01.25-10.23.56:967][870]LogModuleManager: Shutting down and abandoning module WindowsMoviePlayer (83)
[2016.01.25-10.23.56:973][870]LogModuleManager: Shutting down and abandoning module Media (82)
[2016.01.25-10.23.56:973][870]LogModuleManager: Shutting down and abandoning module WmfMedia (81)
[2016.01.25-10.23.56:974][870]LogModuleManager: Shutting down and abandoning module OnlineBlueprintSupport (80)
[2016.01.25-10.23.56:974][870]LogModuleManager: Shutting down and abandoning module GameplayTasksEditor (79)
[2016.01.25-10.23.56:974][870]LogModuleManager: Shutting down and abandoning module PropertyEditor (78)
[2016.01.25-10.23.56:975][870]LogModuleManager: Shutting down and abandoning module BehaviorTreeEditor (77)
[2016.01.25-10.23.56:975][870]LogModuleManager: Shutting down and abandoning module FunctionalTesting (76)
[2016.01.25-10.23.56:975][870]LogModuleManager: Shutting down and abandoning module CollisionAnalyzer (75)
[2016.01.25-10.23.56:975][870]LogModuleManager: Shutting down and abandoning module WorkspaceMenuStructure (74)
[2016.01.25-10.23.56:975][870]LogModuleManager: Shutting down and abandoning module MessageLog (73)
[2016.01.25-10.23.56:975][870]LogModuleManager: Shutting down and abandoning module Sequencer (72)
[2016.01.25-10.23.56:975][870]LogModuleManager: Shutting down and abandoning module AssetTools (71)
[2016.01.25-10.23.56:975][870]LogModuleManager: Shutting down and abandoning module UMGEditor (70)
[2016.01.25-10.23.56:975][870]LogModuleManager: Shutting down and abandoning module UMG (69)
[2016.01.25-10.23.56:975][870]LogModuleManager: Shutting down and abandoning module Slate (68)
[2016.01.25-10.23.56:975][870]LogModuleManager: Shutting down and abandoning module EditorStyle (67)
[2016.01.25-10.23.56:981][870]LogModuleManager: Shutting down and abandoning module SessionServices (66)
[2016.01.25-10.23.56:981][870]LogModuleManager: Shutting down and abandoning module SourceCodeAccess (65)
[2016.01.25-10.23.56:981][870]LogModuleManager: Shutting down and abandoning module HeadMountedDisplay (64)
[2016.01.25-10.23.56:981][870]LogModuleManager: Shutting down and abandoning module XAudio2 (63)
[2016.01.25-10.23.56:981][870]LogModuleManager: Shutting down and abandoning module Networking (61)
[2016.01.25-10.23.56:981][870]LogModuleManager: Shutting down and abandoning module Core (60)
[2016.01.25-10.23.56:981][870]LogModuleManager: Shutting down and abandoning module KismetCompiler (59)
[2016.01.25-10.23.56:982][870]LogModuleManager: Shutting down and abandoning module PhysXFormats (58)
[2016.01.25-10.23.56:982][870]LogModuleManager: Shutting down and abandoning module MeshUtilities (57)
[2016.01.25-10.23.56:982][870]LogModuleManager: Shutting down and abandoning module DerivedDataCache (56)
[2016.01.25-10.23.57:017][870]LogDerivedDataCache: Shutdown
[2016.01.25-10.23.57:017][870]LogModuleManager: Shutting down and abandoning module ShaderFormatOpenGL (55)
[2016.01.25-10.23.57:017][870]LogModuleManager: Shutting down and abandoning module ShaderFormatD3D (54)
[2016.01.25-10.23.57:017][870]LogModuleManager: Shutting down and abandoning module MetalShaderFormat (53)
[2016.01.25-10.23.57:017][870]LogModuleManager: Shutting down and abandoning module TextureFormatUncompressed (52)
[2016.01.25-10.23.57:017][870]LogModuleManager: Shutting down and abandoning module TextureFormatPVR (51)
[2016.01.25-10.23.57:017][870]LogModuleManager: Shutting down and abandoning module TextureFormatIntelISPCTexComp (50)
[2016.01.25-10.23.57:017][870]LogModuleManager: Shutting down and abandoning module TextureFormatDXT (49)
[2016.01.25-10.23.57:017][870]LogModuleManager: Shutting down and abandoning module ImageWrapper (48)
[2016.01.25-10.23.57:017][870]LogModuleManager: Shutting down and abandoning module TextureFormatASTC (47)
[2016.01.25-10.23.57:017][870]LogModuleManager: Shutting down and abandoning module TextureFormatAndroid (46)
[2016.01.25-10.23.57:017][870]LogModuleManager: Shutting down and abandoning module AudioFormatOpus (45)
[2016.01.25-10.23.57:017][870]LogModuleManager: Shutting down and abandoning module AudioFormatOgg (44)
[2016.01.25-10.23.57:017][870]LogModuleManager: Shutting down and abandoning module AudioFormatADPCM (43)
[2016.01.25-10.23.57:017][870]LogModuleManager: Shutting down and abandoning module LinuxTargetPlatform (42)
[2016.01.25-10.23.57:017][870]LogModuleManager: Shutting down and abandoning module LinuxServerTargetPlatform (41)
[2016.01.25-10.23.57:017][870]LogModuleManager: Shutting down and abandoning module LinuxNoEditorTargetPlatform (40)
[2016.01.25-10.23.57:017][870]LogModuleManager: Shutting down and abandoning module Messaging (39)
[2016.01.25-10.23.57:017][870]LogModuleManager: Shutting down and abandoning module IOSTargetPlatform (38)
[2016.01.25-10.23.57:017][870]LogModuleManager: Shutting down and abandoning module HTML5TargetPlatform (37)
[2016.01.25-10.23.57:017][870]LogModuleManager: Shutting down and abandoning module Android_PVRTCTargetPlatform (36)
[2016.01.25-10.23.57:017][870]LogModuleManager: Shutting down and abandoning module Android_MultiTargetPlatform (35)
[2016.01.25-10.23.57:017][870]LogModuleManager: Shutting down and abandoning module Android_ETC2TargetPlatform (34)
[2016.01.25-10.23.57:017][870]LogModuleManager: Shutting down and abandoning module Android_ETC1TargetPlatform (33)
[2016.01.25-10.23.57:017][870]LogModuleManager: Shutting down and abandoning module Android_DXTTargetPlatform (32)
[2016.01.25-10.23.57:018][870]LogModuleManager: Shutting down and abandoning module Android_ATCTargetPlatform (31)
[2016.01.25-10.23.57:018][870]LogModuleManager: Shutting down and abandoning module Android_ASTCTargetPlatform (30)
[2016.01.25-10.23.57:018][870]LogModuleManager: Shutting down and abandoning module AndroidTargetPlatform (29)
[2016.01.25-10.23.57:018][870]LogModuleManager: Shutting down and abandoning module WindowsTargetPlatform (28)
[2016.01.25-10.23.57:018][870]LogModuleManager: Shutting down and abandoning module WindowsServerTargetPlatform (27)
[2016.01.25-10.23.57:018][870]LogModuleManager: Shutting down and abandoning module WindowsNoEditorTargetPlatform (26)
[2016.01.25-10.23.57:018][870]LogModuleManager: Shutting down and abandoning module WindowsClientTargetPlatform (25)
[2016.01.25-10.23.57:018][870]LogModuleManager: Shutting down and abandoning module AllDesktopTargetPlatform (24)
[2016.01.25-10.23.57:018][870]LogModuleManager: Shutting down and abandoning module TargetPlatform (23)
[2016.01.25-10.23.57:018][870]LogModuleManager: Shutting down and abandoning module InputCore (22)
[2016.01.25-10.23.57:018][870]LogModuleManager: Shutting down and abandoning module Settings (21)
[2016.01.25-10.23.57:018][870]LogModuleManager: Shutting down and abandoning module OnlineSubsystem (19)
[2016.01.25-10.23.57:018][870]LogModuleManager: Shutting down and abandoning module HTTP (18)
[2016.01.25-10.23.58:021][870]LogModuleManager: Shutting down and abandoning module XMPP (17)
[2016.01.25-10.23.58:021][870]LogModuleManager: Shutting down and abandoning module OculusRift (16)
[2016.01.25-10.23.58:021][870]LogModuleManager: Shutting down and abandoning module ExampleDeviceProfileSelector (15)
[2016.01.25-10.23.58:021][870]LogModuleManager: Shutting down and abandoning module TextureCompressor (14)
[2016.01.25-10.23.58:021][870]LogModuleManager: Shutting down and abandoning module ShaderCore (13)
[2016.01.25-10.23.58:021][870]LogModuleManager: Shutting down and abandoning module Landscape (12)
[2016.01.25-10.23.58:021][870]LogModuleManager: Shutting down and abandoning module SlateRHIRenderer (11)
[2016.01.25-10.23.58:025][870]LogModuleManager: Shutting down and abandoning module OpenGLDrv (10)
[2016.01.25-10.23.58:025][870]LogModuleManager: Shutting down and abandoning module D3D11RHI (9)
[2016.01.25-10.23.58:025][870]LogModuleManager: Shutting down and abandoning module AnimGraphRuntime (8)
[2016.01.25-10.23.58:025][870]LogModuleManager: Shutting down and abandoning module Renderer (7)
[2016.01.25-10.23.58:025][870]LogModuleManager: Shutting down and abandoning module Engine (6)
[2016.01.25-10.23.58:025][870]LogModuleManager: Shutting down and abandoning module CoreUObject (5)
[2016.01.25-10.23.58:025][870]LogModuleManager: Shutting down and abandoning module NetworkFile (4)
[2016.01.25-10.23.58:025][870]LogModuleManager: Shutting down and abandoning module StreamingFile (3)
[2016.01.25-10.23.58:025][870]LogModuleManager: Shutting down and abandoning module SandboxFile (2)
[2016.01.25-10.23.58:025][870]LogModuleManager: Shutting down and abandoning module PakFile (1)
[2016.01.25-10.23.58:030][870]LogExit: Exiting.
[2016.01.25-10.23.58:074][870]Log file closed, 01/25/16 10:23:58
