"D:/GitHub/SaHS/SaHS/SaHS.uproject" 1
"../../../Engine/Plugins/2D/Paper2D/Paper2D.uplugin" 2
"../../../Engine/Plugins/Blendables/LightPropagationVolume/LightPropagationVolume.uplugin" 3
"../../../Engine/Plugins/Developer/BlankPlugin/BlankPlugin.uplugin" 4
"../../../Engine/Plugins/Developer/CodeLiteSourceCodeAccess/CodeLiteSourceCodeAccess.uplugin" 5
"../../../Engine/Plugins/Developer/GitSourceControl/GitSourceControl.uplugin" 6
"../../../Engine/Plugins/Developer/KDevelopSourceCodeAccess/KDevelopSourceCodeAccess.uplugin" 7
"../../../Engine/Plugins/Developer/NullSourceCodeAccess/NullSourceCodeAccess.uplugin" 8
"../../../Engine/Plugins/Developer/OneSkyLocalizationService/OneSkyLocalizationService.uplugin" 9
"../../../Engine/Plugins/Developer/PerforceSourceControl/PerforceSourceControl.uplugin" 10
"../../../Engine/Plugins/Developer/SubversionSourceControl/SubversionSourceControl.uplugin" 11
"../../../Engine/Plugins/Developer/UObjectPlugin/UObjectPlugin.uplugin" 12
"../../../Engine/Plugins/Developer/VisualStudioSourceCodeAccess/VisualStudioSourceCodeAccess.uplugin" 13
"../../../Engine/Plugins/Developer/XCodeSourceCodeAccess/XCodeSourceCodeAccess.uplugin" 14
"../../../Engine/Plugins/Editor/EpicSurvey/EpicSurvey.uplugin" 15
"../../../Engine/Plugins/Editor/MacGraphicsSwitching/MacGraphicsSwitching.uplugin" 16
"../../../Engine/Plugins/Editor/PluginBrowser/PluginBrowser.uplugin" 17
"../../../Engine/Plugins/Editor/SpeedTreeImporter/SpeedTreeImporter.uplugin" 18
"../../../Engine/Plugins/Experimental/BlueprintStats/BlueprintStats.uplugin" 19
"../../../Engine/Plugins/Experimental/CharacterAI/CharacterAI.uplugin" 20
"../../../Engine/Plugins/Experimental/CodeEditor/CodeEditor.uplugin" 21
"../../../Engine/Plugins/Experimental/CodeView/CodeView.uplugin" 22
"../../../Engine/Plugins/Experimental/HTML5Networking/HTML5Networking.uplugin" 23
"../../../Engine/Plugins/Experimental/LiveEditor/LiveEditor.uplugin" 24
"../../../Engine/Plugins/Experimental/Phya/Phya.uplugin" 25
"../../../Engine/Plugins/Experimental/SimpleHMD/SimpleHMD.uplugin" 26
"../../../Engine/Plugins/Experimental/StructBox/StructBox.uplugin" 27
"../../../Engine/Plugins/Media/AndroidMedia/AndroidMedia.uplugin" 28
"../../../Engine/Plugins/Media/AvfMedia/AvfMedia.uplugin" 29
"../../../Engine/Plugins/Media/MediaPlayerEditor/MediaPlayerEditor.uplugin" 30
"../../../Engine/Plugins/Media/WmfMedia/WmfMedia.uplugin" 31
"../../../Engine/Plugins/Messaging/MessagingDebugger/MessagingDebugger.uplugin" 32
"../../../Engine/Plugins/Messaging/UdpMessaging/UdpMessaging.uplugin" 33
"../../../Engine/Plugins/MovieScene/LevelSequenceEditor/LevelSequenceEditor.uplugin" 34
"../../../Engine/Plugins/NetcodeUnitTest/NetcodeUnitTest/NetcodeUnitTest.uplugin" 35
"../../../Engine/Plugins/NetcodeUnitTest/NUTUnrealEngine4/NUTUnrealEngine4.uplugin" 36
"../../../Engine/Plugins/Runtime/Advertising/IOSTapJoy/IOSTapJoy.uplugin" 37
"../../../Engine/Plugins/Runtime/Analytics/AnalyticsBlueprintLibrary/AnalyticsBlueprintLibrary.uplugin" 38
"../../../Engine/Plugins/Runtime/Analytics/AnalyticsMulticast/AnalyticsMulticast.uplugin" 39
"../../../Engine/Plugins/Runtime/Analytics/Apsalar/IOSApsalar/IOSApsalar.uplugin" 40
"../../../Engine/Plugins/Runtime/Analytics/FileLogging/FileLogging.uplugin" 41
"../../../Engine/Plugins/Runtime/Analytics/Flurry/IOSFlurry/IOSFlurry.uplugin" 42
"../../../Engine/Plugins/Runtime/AndroidDeviceProfileSelector/AndroidDeviceProfileSelector.uplugin" 43
"../../../Engine/Plugins/Runtime/AndroidMoviePlayer/AndroidMoviePlayer.uplugin" 44
"../../../Engine/Plugins/Runtime/AppleMoviePlayer/AppleMoviePlayer.uplugin" 45
"../../../Engine/Plugins/Runtime/ArchVisCharacter/ArchVisCharacter.uplugin" 46
"../../../Engine/Plugins/Runtime/CableComponent/CableComponent.uplugin" 47
"../../../Engine/Plugins/Runtime/CustomMeshComponent/CustomMeshComponent.uplugin" 48
"../../../Engine/Plugins/Runtime/ExampleDeviceProfileSelector/ExampleDeviceProfileSelector.uplugin" 49
"../../../Engine/Plugins/Runtime/GearVR/GearVR.uplugin" 50
"../../../Engine/Plugins/Runtime/IOSDeviceProfileSelector/IOSDeviceProfileSelector.uplugin" 51
"../../../Engine/Plugins/Runtime/LeapMotionController/LeapMotionController.uplugin" 52
"../../../Engine/Plugins/Runtime/LinuxDeviceProfileSelector/LinuxDeviceProfileSelector.uplugin" 53
"../../../Engine/Plugins/Runtime/LiveEditorListenServer/LiveEditorListenServer.uplugin" 54
"../../../Engine/Plugins/Runtime/OculusAudio/OculusAudio.uplugin" 55
"../../../Engine/Plugins/Runtime/OculusInput/OculusInput.uplugin" 56
"../../../Engine/Plugins/Runtime/OculusLibrary/OculusLibrary.uplugin" 57
"../../../Engine/Plugins/Runtime/OculusRift/OculusRift.uplugin" 58
"../../../Engine/Plugins/Runtime/ProceduralMeshComponent/ProceduralMeshComponent.uplugin" 59
"../../../Engine/Plugins/Runtime/SoundMod/SoundMod.uplugin" 60
"../../../Engine/Plugins/Runtime/SoundVisualizations/SoundVisualizations.uplugin" 61
"../../../Engine/Plugins/Runtime/Steam/SteamController/SteamController.uplugin" 62
"../../../Engine/Plugins/Runtime/Steam/SteamVR/SteamVR.uplugin" 63
"../../../Engine/Plugins/Runtime/WebBrowserWidget/WebBrowserWidget.uplugin" 64
"../../../Engine/Plugins/Runtime/WindowsDeviceProfileSelector/WindowsDeviceProfileSelector.uplugin" 65
"../../../Engine/Plugins/Runtime/WindowsMoviePlayer/WindowsMoviePlayer.uplugin" 66
"../../../Engine/Plugins/ScriptGeneratorPlugin/ScriptGeneratorPlugin.uplugin" 67
"../../../Engine/Plugins/ScriptPlugin/ScriptPlugin.uplugin" 68
"../../../Engine/Plugins/Slate/SlateRemote/SlateRemote.uplugin" 69
"..\..\..\Engine\Content\Internationalization\icudt53l\cnvalias.icu" 70
"..\..\..\Engine\Content\Internationalization\icudt53l\en_US_POSIX.res" 71
"..\..\..\Engine\Content\Internationalization\icudt53l\pool.res" 72
"..\..\..\Engine\Content\Internationalization\icudt53l\en_US.res" 73
"..\..\..\Engine\Content\Internationalization\icudt53l\en.res" 74
"..\..\..\Engine\Content\Internationalization\icudt53l\root.res" 75
"..\..\..\Engine\Content\Internationalization\icudt53l\en_GB.res" 76
"..\..\..\Engine\Content\Internationalization\icudt53l\en_001.res" 77
"C:/Users/thoma/AppData/Local/UnrealEngine/4.10/Saved/Config/Windows/Manifest.ini" 78
"../../../Engine/Config/Base.ini" 79
"../../../Engine/Config/BaseEngine.ini" 80
"D:/GitHub/SaHS/SaHS/Config/DefaultEngine.ini" 81
"../../../Engine/Config/Windows/WindowsEngine.ini" 82
"D:/GitHub/SaHS/SaHS/Saved/Config/Windows/Engine.ini" 83
"D:/GitHub/SaHS/SaHS/Intermediate/Config/CoalescedSourceConfigs/Engine.ini" 84
"../../../Engine/Config/BaseGame.ini" 85
"D:/GitHub/SaHS/SaHS/Config/DefaultGame.ini" 86
"D:/GitHub/SaHS/SaHS/Saved/Config/Windows/Game.ini" 87
"D:/GitHub/SaHS/SaHS/Intermediate/Config/CoalescedSourceConfigs/Game.ini" 88
"../../../Engine/Config/BaseInput.ini" 89
"D:/GitHub/SaHS/SaHS/Config/DefaultInput.ini" 90
"D:/GitHub/SaHS/SaHS/Saved/Config/Windows/Input.ini" 91
"D:/GitHub/SaHS/SaHS/Intermediate/Config/CoalescedSourceConfigs/Input.ini" 92
"../../../Engine/Config/BaseEditor.ini" 93
"D:/GitHub/SaHS/SaHS/Config/DefaultEditor.ini" 94
"D:/GitHub/SaHS/SaHS/Saved/Config/Windows/Editor.ini" 95
"D:/GitHub/SaHS/SaHS/Intermediate/Config/CoalescedSourceConfigs/Editor.ini" 96
"../../../Engine/Config/BaseEditorPerProjectUserSettings.ini" 97
"D:/GitHub/SaHS/SaHS/Saved/Config/Windows/EditorPerProjectUserSettings.ini" 98
"D:/GitHub/SaHS/SaHS/Intermediate/Config/CoalescedSourceConfigs/EditorPerProjectUserSettings.ini" 99
"../../../Engine/Config/BaseEditorSettings.ini" 100
"C:/Users/thoma/AppData/Local/UnrealEngine/4.10/Saved/Config/Windows/EditorSettings.ini" 101
"D:/GitHub/SaHS/SaHS/Intermediate/Config/CoalescedSourceConfigs/EditorSettings.ini" 102
"../../../Engine/Config/BaseEditorLayout.ini" 103
"C:/Users/thoma/AppData/Local/UnrealEngine/4.10/Saved/Config/Windows/EditorLayout.ini" 104
"D:/GitHub/SaHS/SaHS/Intermediate/Config/CoalescedSourceConfigs/EditorLayout.ini" 105
"../../../Engine/Config/BaseEditorKeyBindings.ini" 106
"C:/Users/thoma/AppData/Local/UnrealEngine/4.10/Saved/Config/Windows/EditorKeyBindings.ini" 107
"D:/GitHub/SaHS/SaHS/Intermediate/Config/CoalescedSourceConfigs/EditorKeyBindings.ini" 108
"../../../Engine/Config/BaseCompat.ini" 109
"D:/GitHub/SaHS/SaHS/Saved/Config/Windows/Compat.ini" 110
"D:/GitHub/SaHS/SaHS/Intermediate/Config/CoalescedSourceConfigs/Compat.ini" 111
"../../../Engine/Config/BaseLightmass.ini" 112
"D:/GitHub/SaHS/SaHS/Saved/Config/Windows/Lightmass.ini" 113
"D:/GitHub/SaHS/SaHS/Intermediate/Config/CoalescedSourceConfigs/Lightmass.ini" 114
"../../../Engine/Config/BaseScalability.ini" 115
"D:/GitHub/SaHS/SaHS/Saved/Config/Windows/Scalability.ini" 116
"D:/GitHub/SaHS/SaHS/Intermediate/Config/CoalescedSourceConfigs/Scalability.ini" 117
"D:/GitHub/SaHS/SaHS/Saved/Config/Windows/GameUserSettings.ini" 118
"D:/GitHub/SaHS/SaHS/Intermediate/Config/CoalescedSourceConfigs/GameUserSettings.ini" 119
"../../../Engine/Config/BaseDeviceProfiles.ini" 120
"D:/GitHub/SaHS/SaHS/Saved/Config/Windows/DeviceProfiles.ini" 121
"D:/GitHub/SaHS/SaHS/Intermediate/Config/CoalescedSourceConfigs/DeviceProfiles.ini" 122
"../../../Engine/Config/ConsoleVariables.ini" 123
"..\..\..\Engine\Content\Internationalization\icudt53l\es.res" 124
"..\..\..\Engine\Content\Internationalization\icudt53l\ja.res" 125
"..\..\..\Engine\Content\Internationalization\icudt53l\ko.res" 126
"..\..\..\Engine\Content\Internationalization\icudt53l\pt_BR.res" 127
"..\..\..\Engine\Content\Internationalization\icudt53l\pt.res" 128
"..\..\..\Engine\Content\Internationalization\icudt53l\zh_CN.res" 129
"..\..\..\Engine\Content\Internationalization\icudt53l\zh_Hans_CN.res" 130
"..\..\..\Engine\Content\Internationalization\icudt53l\zh_Hans.res" 131
"..\..\..\Engine\Content\Internationalization\icudt53l\zh.res" 132
"C:/Program Files (x86)/Epic Games/4.10/Engine/Content/Localization/Editor/en/Editor.locres" 133
"C:/Program Files (x86)/Epic Games/4.10/Engine/Content/Localization/EditorTutorials/en/EditorTutorials.locres" 134
"C:/Program Files (x86)/Epic Games/4.10/Engine/Content/Localization/Keywords/en/Keywords.locres" 135
"C:/Program Files (x86)/Epic Games/4.10/Engine/Content/Localization/Category/en/Category.locres" 136
"C:/Program Files (x86)/Epic Games/4.10/Engine/Content/Localization/ToolTips/en/ToolTips.locres" 137
"C:/Program Files (x86)/Epic Games/4.10/Engine/Content/Localization/PropertyNames/en/PropertyNames.locres" 138
"C:/Program Files (x86)/Epic Games/4.10/Engine/Content/Localization/Engine/en/Engine.locres" 139
"../../../Engine/Content/Slate/Fonts/Roboto-Regular.ttf" 140
"../../../Engine/Content/Slate/Fonts/DroidSansMono.ttf" 141
"../../../Engine/Content/Slate/Fonts/Roboto-Bold.ttf" 142
"../../../Engine/Content/Slate/Fonts/Roboto-Light.ttf" 143
"C:/Program Files (x86)/Epic Games/4.10/Engine/Binaries/Win64/../../../Engine/Shaders/ParticleSpriteVertexFactory.usf" 144
"C:/Program Files (x86)/Epic Games/4.10/Engine/Binaries/Win64/../../../Engine/Shaders/VertexFactoryCommon.usf" 145
"C:/Program Files (x86)/Epic Games/4.10/Engine/Binaries/Win64/../../../Engine/Shaders/Common.usf" 146
"C:/Program Files (x86)/Epic Games/4.10/Engine/Binaries/Win64/../../../Engine/Shaders/MetalCommon.usf" 147
"C:/Program Files (x86)/Epic Games/4.10/Engine/Binaries/Win64/../../../Engine/Shaders/ShaderVersion.usf" 148
"C:/Program Files (x86)/Epic Games/4.10/Engine/Binaries/Win64/../../../Engine/Shaders/CommonViewUniformBuffer.usf" 149
"C:/Program Files (x86)/Epic Games/4.10/Engine/Binaries/Win64/../../../Engine/Shaders/Definitions.usf" 150
"C:/Program Files (x86)/Epic Games/4.10/Engine/Binaries/Win64/../../../Engine/Shaders/Random.usf" 151
"C:/Program Files (x86)/Epic Games/4.10/Engine/Binaries/Win64/../../../Engine/Shaders/ParticleVertexFactoryCommon.usf" 152
"C:/Program Files (x86)/Epic Games/4.10/Engine/Binaries/Win64/../../../Engine/Shaders/ParticleGPUSpriteVertexFactory.usf" 153
"C:/Program Files (x86)/Epic Games/4.10/Engine/Binaries/Win64/../../../Engine/Shaders/ParticleBeamTrailVertexFactory.usf" 154
"C:/Program Files (x86)/Epic Games/4.10/Engine/Binaries/Win64/../../../Engine/Shaders/LocalVertexFactory.usf" 155
"C:/Program Files (x86)/Epic Games/4.10/Engine/Binaries/Win64/../../../Engine/Shaders/LocalVertexFactoryCommon.usf" 156
"C:/Program Files (x86)/Epic Games/4.10/Engine/Binaries/Win64/../../../Engine/Shaders/VectorFieldVisualizationVertexFactory.usf" 157
"C:/Program Files (x86)/Epic Games/4.10/Engine/Binaries/Win64/../../../Engine/Shaders/MeshParticleVertexFactory.usf" 158
"C:/Program Files (x86)/Epic Games/4.10/Engine/Binaries/Win64/../../../Engine/Shaders/GpuSkinVertexFactory.usf" 159
"C:/Program Files (x86)/Epic Games/4.10/Engine/Binaries/Win64/../../../Engine/Shaders/GpuSkinCacheCommon.usf" 160
"C:/Program Files (x86)/Epic Games/4.10/Engine/Binaries/Win64/../../../Engine/Shaders/LandscapeVertexFactory.usf" 161
"C:/Program Files (x86)/Epic Games/4.10/Engine/Binaries/Win64/../../../Engine/Shaders/SlateElementPixelShader.usf" 162
"C:/Program Files (x86)/Epic Games/4.10/Engine/Binaries/Win64/../../../Engine/Shaders/GammaCorrectionCommon.usf" 163
"C:/Program Files (x86)/Epic Games/4.10/Engine/Binaries/Win64/../../../Engine/Shaders/MaterialTemplate.usf" 164
"C:/Program Files (x86)/Epic Games/4.10/Engine/Binaries/Win64/../../../Engine/Shaders/DepthOfFieldCommon.usf" 165
"C:/Program Files (x86)/Epic Games/4.10/Engine/Binaries/Win64/../../../Engine/Shaders/GlobalDistanceFieldShared.usf" 166
"C:/Program Files (x86)/Epic Games/4.10/Engine/Binaries/Win64/../../../Engine/Shaders/SpeedTreeCommon.usf" 167
"C:/Program Files (x86)/Epic Games/4.10/Engine/Binaries/Win64/../../../Engine/Shaders/AtmosphereCommon.usf" 168
"C:/Program Files (x86)/Epic Games/4.10/Engine/Binaries/Win64/../../../Engine/Shaders/PaniniProjection.usf" 169
"C:/Program Files (x86)/Epic Games/4.10/Engine/Binaries/Win64/../../../Engine/Shaders/EyeAdaptationCommon.usf" 170
"C:/Program Files (x86)/Epic Games/4.10/Engine/Binaries/Win64/../../../Engine/Shaders/PostProcessCommon.usf" 171
"C:/Program Files (x86)/Epic Games/4.10/Engine/Binaries/Win64/../../../Engine/Shaders/DeferredShadingCommon.usf" 172
"C:/Program Files (x86)/Epic Games/4.10/Engine/Binaries/Win64/../../../Engine/Shaders/LightAccumulator.usf" 173
"C:/Program Files (x86)/Epic Games/4.10/Engine/Binaries/Win64/../../../Engine/Shaders/SlateVertexShader.usf" 174
"C:/Program Files (x86)/Epic Games/4.10/Engine/Binaries/Win64/../../../Engine/Shaders/ParticleSortKeyGen.usf" 175
"C:/Program Files (x86)/Epic Games/4.10/Engine/Binaries/Win64/../../../Engine/Shaders/ParticleBoundsShader.usf" 176
"C:/Program Files (x86)/Epic Games/4.10/Engine/Binaries/Win64/../../../Engine/Shaders/ParticleSimVisualizeShader.usf" 177
"C:/Program Files (x86)/Epic Games/4.10/Engine/Binaries/Win64/../../../Engine/Shaders/ParticleInjectionShader.usf" 178
"C:/Program Files (x86)/Epic Games/4.10/Engine/Binaries/Win64/../../../Engine/Shaders/ParticleSimulationShader.usf" 179
"C:/Program Files (x86)/Epic Games/4.10/Engine/Binaries/Win64/../../../Engine/Shaders/ParticleCurveInjectionShader.usf" 180
"C:/Program Files (x86)/Epic Games/4.10/Engine/Binaries/Win64/../../../Engine/Shaders/VectorFieldCompositeShaders.usf" 181
"C:/Program Files (x86)/Epic Games/4.10/Engine/Binaries/Win64/../../../Engine/Shaders/UpdateTextureShaders.usf" 182
"C:/Program Files (x86)/Epic Games/4.10/Engine/Binaries/Win64/../../../Engine/Shaders/SimpleElementColorChannelMaskPixelShader.usf" 183
"C:/Program Files (x86)/Epic Games/4.10/Engine/Binaries/Win64/../../../Engine/Shaders/SimpleElementPixelShader.usf" 184
"C:/Program Files (x86)/Epic Games/4.10/Engine/Binaries/Win64/../../../Engine/Shaders/ColorUtils.usf" 185
"C:/Program Files (x86)/Epic Games/4.10/Engine/Binaries/Win64/../../../Engine/Shaders/IESLightProfilesCommon.usf" 186
"C:/Program Files (x86)/Epic Games/4.10/Engine/Binaries/Win64/../../../Engine/Shaders/SimpleElementHitProxyPixelShader.usf" 187
"C:/Program Files (x86)/Epic Games/4.10/Engine/Binaries/Win64/../../../Engine/Shaders/SimpleElementVertexShader.usf" 188
"C:/Program Files (x86)/Epic Games/4.10/Engine/Binaries/Win64/../../../Engine/Shaders/ScreenVertexShader.usf" 189
"C:/Program Files (x86)/Epic Games/4.10/Engine/Binaries/Win64/../../../Engine/Shaders/ScreenPixelShader.usf" 190
"C:/Program Files (x86)/Epic Games/4.10/Engine/Binaries/Win64/../../../Engine/Shaders/RadixSortShaders.usf" 191
"C:/Program Files (x86)/Epic Games/4.10/Engine/Binaries/Win64/../../../Engine/Shaders/GpuSkinCacheComputeShader.usf" 192
"C:/Program Files (x86)/Epic Games/4.10/Engine/Binaries/Win64/../../../Engine/Shaders/NullPixelShader.usf" 193
"C:/Program Files (x86)/Epic Games/4.10/Engine/Binaries/Win64/../../../Engine/Shaders/LandscapeGrassWeight.usf" 194
"C:/Program Files (x86)/Epic Games/4.10/Engine/Binaries/Win64/../../../Engine/Shaders/VisualizeTexture.usf" 195
"C:/Program Files (x86)/Epic Games/4.10/Engine/Binaries/Win64/../../../Engine/Shaders/ScreenSpaceReflections.usf" 196
"C:/Program Files (x86)/Epic Games/4.10/Engine/Binaries/Win64/../../../Engine/Shaders/BRDF.usf" 197
"C:/Program Files (x86)/Epic Games/4.10/Engine/Binaries/Win64/../../../Engine/Shaders/MonteCarlo.usf" 198
"C:/Program Files (x86)/Epic Games/4.10/Engine/Binaries/Win64/../../../Engine/Shaders/ScreenSpaceRayCast.usf" 199
"C:/Program Files (x86)/Epic Games/4.10/Engine/Binaries/Win64/../../../Engine/Shaders/FilterVertexShader.usf" 200
"C:/Program Files (x86)/Epic Games/4.10/Engine/Binaries/Win64/../../../Engine/Shaders/FilterPixelShader.usf" 201
"C:/Program Files (x86)/Epic Games/4.10/Engine/Binaries/Win64/../../../Engine/Shaders/PostProcessVisualizeHDR.usf" 202
"C:/Program Files (x86)/Epic Games/4.10/Engine/Binaries/Win64/../../../Engine/Shaders/PostProcessHistogramCommon.usf" 203
"C:/Program Files (x86)/Epic Games/4.10/Engine/Binaries/Win64/../../../Engine/Shaders/TonemapCommon.usf" 204
"C:/Program Files (x86)/Epic Games/4.10/Engine/Binaries/Win64/../../../Engine/Shaders/ACES.usf" 205
"C:/Program Files (x86)/Epic Games/4.10/Engine/Binaries/Win64/../../../Engine/Shaders/MiniFontCommon.usf" 206
"C:/Program Files (x86)/Epic Games/4.10/Engine/Binaries/Win64/../../../Engine/Shaders/PostProcessVisualizeBuffer.usf" 207
"C:/Program Files (x86)/Epic Games/4.10/Engine/Binaries/Win64/../../../Engine/Shaders/PostProcessUpscale.usf" 208
"C:/Program Files (x86)/Epic Games/4.10/Engine/Binaries/Win64/../../../Engine/Shaders/PostProcessTonemap.usf" 209
"C:/Program Files (x86)/Epic Games/4.10/Engine/Binaries/Win64/../../../Engine/Shaders/PostProcessTestImage.usf" 210
"C:/Program Files (x86)/Epic Games/4.10/Engine/Binaries/Win64/../../../Engine/Shaders/PostProcessTemporalAA.usf" 211
"C:/Program Files (x86)/Epic Games/4.10/Engine/Binaries/Win64/../../../Engine/Shaders/PostProcessTemporalCommon.usf" 212
"C:/Program Files (x86)/Epic Games/4.10/Engine/Binaries/Win64/../../../Engine/Shaders/PostProcessSubsurface.usf" 213
"C:/Program Files (x86)/Epic Games/4.10/Engine/Binaries/Win64/../../../Engine/Shaders/SeparableSSS.usf" 214
"C:/Program Files (x86)/Epic Games/4.10/Engine/Binaries/Win64/../../../Engine/Shaders/PostProcessSelectionOutline.usf" 215
"C:/Program Files (x86)/Epic Games/4.10/Engine/Binaries/Win64/../../../Engine/Shaders/PostProcessSceneColorFringe.usf" 216
"C:/Program Files (x86)/Epic Games/4.10/Engine/Binaries/Win64/../../../Engine/Shaders/PostProcessNoiseBlur.usf" 217
"C:/Program Files (x86)/Epic Games/4.10/Engine/Binaries/Win64/../../../Engine/Shaders/PostProcessMotionBlur.usf" 218
"C:/Program Files (x86)/Epic Games/4.10/Engine/Binaries/Win64/../../../Engine/Shaders/FastMath.usf" 219
"C:/Program Files (x86)/Epic Games/4.10/Engine/Binaries/Win64/../../../Engine/Shaders/PostProcessVelocityFlatten.usf" 220
"C:/Program Files (x86)/Epic Games/4.10/Engine/Binaries/Win64/../../../Engine/Shaders/PostProcessMobile.usf" 221
"C:/Program Files (x86)/Epic Games/4.10/Engine/Binaries/Win64/../../../Engine/Shaders/PostProcessMaterialShaders.usf" 222
"C:/Program Files (x86)/Epic Games/4.10/Engine/Binaries/Win64/../../../Engine/Shaders/PostProcessLensFlares.usf" 223
"C:/Program Files (x86)/Epic Games/4.10/Engine/Binaries/Win64/../../../Engine/Shaders/PostProcessLensBlur.usf" 224
"C:/Program Files (x86)/Epic Games/4.10/Engine/Binaries/Win64/../../../Engine/Shaders/PostProcessBloom.usf" 225
"C:/Program Files (x86)/Epic Games/4.10/Engine/Binaries/Win64/../../../Engine/Shaders/PostProcessHMD.usf" 226
"C:/Program Files (x86)/Epic Games/4.10/Engine/Binaries/Win64/../../../Engine/Shaders/PostProcessHistogramReduce.usf" 227
"C:/Program Files (x86)/Epic Games/4.10/Engine/Binaries/Win64/../../../Engine/Shaders/PostProcessHistogram.usf" 228
"C:/Program Files (x86)/Epic Games/4.10/Engine/Binaries/Win64/../../../Engine/Shaders/PostProcessHierarchical.usf" 229
"C:/Program Files (x86)/Epic Games/4.10/Engine/Binaries/Win64/../../../Engine/Shaders/PostProcessGBufferHints.usf" 230
"C:/Program Files (x86)/Epic Games/4.10/Engine/Binaries/Win64/../../../Engine/Shaders/PostProcessEyeAdaptation.usf" 231
"C:/Program Files (x86)/Epic Games/4.10/Engine/Binaries/Win64/../../../Engine/Shaders/PostProcessDownsample.usf" 232
"C:/Program Files (x86)/Epic Games/4.10/Engine/Binaries/Win64/../../../Engine/Shaders/PostProcessDOF.usf" 233
"C:/Program Files (x86)/Epic Games/4.10/Engine/Binaries/Win64/../../../Engine/Shaders/PostProcessCompositeEditorPrimitives.usf" 234
"C:/Program Files (x86)/Epic Games/4.10/Engine/Binaries/Win64/../../../Engine/Shaders/PostProcessCombineLUTs.usf" 235
"C:/Program Files (x86)/Epic Games/4.10/Engine/Binaries/Win64/../../../Engine/Shaders/PostProcessCircleDOF.usf" 236
"C:/Program Files (x86)/Epic Games/4.10/Engine/Binaries/Win64/../../../Engine/Shaders/CircleDOFCommon.usf" 237
"C:/Program Files (x86)/Epic Games/4.10/Engine/Binaries/Win64/../../../Engine/Shaders/PostProcessBusyWait.usf" 238
"C:/Program Files (x86)/Epic Games/4.10/Engine/Binaries/Win64/../../../Engine/Shaders/PostProcessBokehDOF.usf" 239
"C:/Program Files (x86)/Epic Games/4.10/Engine/Binaries/Win64/../../../Engine/Shaders/PostProcessVisualizeDOF.usf" 240
"C:/Program Files (x86)/Epic Games/4.10/Engine/Binaries/Win64/../../../Engine/Shaders/FXAAShader.usf" 241
"C:/Program Files (x86)/Epic Games/4.10/Engine/Binaries/Win64/../../../Engine/Shaders/Fxaa3_11.usf" 242
"C:/Program Files (x86)/Epic Games/4.10/Engine/Binaries/Win64/../../../Engine/Shaders/PostProcessPassThrough.usf" 243
"C:/Program Files (x86)/Epic Games/4.10/Engine/Binaries/Win64/../../../Engine/Shaders/PostProcessLpvIndirect.usf" 244
"C:/Program Files (x86)/Epic Games/4.10/Engine/Binaries/Win64/../../../Engine/Shaders/DeferredLightingCommon.usf" 245
"C:/Program Files (x86)/Epic Games/4.10/Engine/Binaries/Win64/../../../Engine/Shaders/DynamicLightingCommon.usf" 246
"C:/Program Files (x86)/Epic Games/4.10/Engine/Binaries/Win64/../../../Engine/Shaders/ShadingModels.usf" 247
"C:/Program Files (x86)/Epic Games/4.10/Engine/Binaries/Win64/../../../Engine/Shaders/LPVFinalPass.usf" 248
"C:/Program Files (x86)/Epic Games/4.10/Engine/Binaries/Win64/../../../Engine/Shaders/LPVCommon.usf" 249
"C:/Program Files (x86)/Epic Games/4.10/Engine/Binaries/Win64/../../../Engine/Shaders/DeferredDecal.usf" 250
"C:/Program Files (x86)/Epic Games/4.10/Engine/Binaries/Win64/../../../Engine/Shaders/PostProcessAmbientOcclusion.usf" 251
"C:/Program Files (x86)/Epic Games/4.10/Engine/Binaries/Win64/../../../Engine/Shaders/PostProcessAmbient.usf" 252
"C:/Program Files (x86)/Epic Games/4.10/Engine/Binaries/Win64/../../../Engine/Shaders/CubemapCommon.usf" 253
"C:/Program Files (x86)/Epic Games/4.10/Engine/Binaries/Win64/../../../Engine/Shaders/VelocityShader.usf" 254
"C:/Program Files (x86)/Epic Games/4.10/Engine/Binaries/Win64/../../../Engine/Shaders/VelocityCommon.usf" 255
"C:/Program Files (x86)/Epic Games/4.10/Engine/Binaries/Win64/../../../Engine/Shaders/Tessellation.usf" 256
"C:/Program Files (x86)/Epic Games/4.10/Engine/Binaries/Win64/../../../Engine/Shaders/FlatTessellation.usf" 257
"C:/Program Files (x86)/Epic Games/4.10/Engine/Binaries/Win64/../../../Engine/Shaders/PNTriangles.usf" 258
"C:/Program Files (x86)/Epic Games/4.10/Engine/Binaries/Win64/../../../Engine/Shaders/TranslucentLightingShaders.usf" 259
"C:/Program Files (x86)/Epic Games/4.10/Engine/Binaries/Win64/../../../Engine/Shaders/SHCommon.usf" 260
"C:/Program Files (x86)/Epic Games/4.10/Engine/Binaries/Win64/../../../Engine/Shaders/ShadowProjectionCommon.usf" 261
"C:/Program Files (x86)/Epic Games/4.10/Engine/Binaries/Win64/../../../Engine/Shaders/TranslucentLightInjectionShaders.usf" 262
"C:/Program Files (x86)/Epic Games/4.10/Engine/Binaries/Win64/../../../Engine/Shaders/LightFunctionCommon.usf" 263
"C:/Program Files (x86)/Epic Games/4.10/Engine/Binaries/Win64/../../../Engine/Shaders/TranslucentShadowDepthShaders.usf" 264
"C:/Program Files (x86)/Epic Games/4.10/Engine/Binaries/Win64/../../../Engine/Shaders/ShadowDepthCommon.usf" 265
"C:/Program Files (x86)/Epic Games/4.10/Engine/Binaries/Win64/../../../Engine/Shaders/TiledDeferredLightShaders.usf" 266
"C:/Program Files (x86)/Epic Games/4.10/Engine/Binaries/Win64/../../../Engine/Shaders/SurfelTree.usf" 267
"C:/Program Files (x86)/Epic Games/4.10/Engine/Binaries/Win64/../../../Engine/Shaders/DistanceFieldLightingShared.usf" 268
"C:/Program Files (x86)/Epic Games/4.10/Engine/Binaries/Win64/../../../Engine/Shaders/SurfelMaterialShared.usf" 269
"C:/Program Files (x86)/Epic Games/4.10/Engine/Binaries/Win64/../../../Engine/Shaders/DistanceFieldAOShared.usf" 270
"C:/Program Files (x86)/Epic Games/4.10/Engine/Binaries/Win64/../../../Engine/Shaders/ShadowProjectionPixelShader.usf" 271
"C:/Program Files (x86)/Epic Games/4.10/Engine/Binaries/Win64/../../../Engine/Shaders/ShadowFilteringCommon.usf" 272
"C:/Program Files (x86)/Epic Games/4.10/Engine/Binaries/Win64/../../../Engine/Shaders/ShadowProjectionVertexShader.usf" 273
"C:/Program Files (x86)/Epic Games/4.10/Engine/Binaries/Win64/../../../Engine/Shaders/ShadowDepthPixelShader.usf" 274
"C:/Program Files (x86)/Epic Games/4.10/Engine/Binaries/Win64/../../../Engine/Shaders/LPVWriteVplCommon.usf" 275
"C:/Program Files (x86)/Epic Games/4.10/Engine/Binaries/Win64/../../../Engine/Shaders/LPVWriteCommon.usf" 276
"C:/Program Files (x86)/Epic Games/4.10/Engine/Binaries/Win64/../../../Engine/Shaders/ShadowDepthVertexShader.usf" 277
"C:/Program Files (x86)/Epic Games/4.10/Engine/Binaries/Win64/../../../Engine/Shaders/ShaderComplexityApplyPixelShader.usf" 278
"C:/Program Files (x86)/Epic Games/4.10/Engine/Binaries/Win64/../../../Engine/Shaders/ShaderComplexityApplyVertexShader.usf" 279
"C:/Program Files (x86)/Epic Games/4.10/Engine/Binaries/Win64/../../../Engine/Shaders/ShaderComplexityAccumulatePixelShader.usf" 280
"C:/Program Files (x86)/Epic Games/4.10/Engine/Binaries/Win64/../../../Engine/Shaders/HZBOcclusion.usf" 281
"C:/Program Files (x86)/Epic Games/4.10/Engine/Binaries/Win64/../../../Engine/Shaders/OcclusionQueryVertexShader.usf" 282
"C:/Program Files (x86)/Epic Games/4.10/Engine/Binaries/Win64/../../../Engine/Shaders/HitProxyPixelShader.usf" 283
"C:/Program Files (x86)/Epic Games/4.10/Engine/Binaries/Win64/../../../Engine/Shaders/HitProxyVertexShader.usf" 284
"C:/Program Files (x86)/Epic Games/4.10/Engine/Binaries/Win64/../../../Engine/Shaders/ReflectionEnvironmentShaders.usf" 285
"C:/Program Files (x86)/Epic Games/4.10/Engine/Binaries/Win64/../../../Engine/Shaders/ReflectionEnvironmentShared.usf" 286
"C:/Program Files (x86)/Epic Games/4.10/Engine/Binaries/Win64/../../../Engine/Shaders/SkyLightingShared.usf" 287
"C:/Program Files (x86)/Epic Games/4.10/Engine/Binaries/Win64/../../../Engine/Shaders/ReflectionEnvironmentComputeShaders.usf" 288
"C:/Program Files (x86)/Epic Games/4.10/Engine/Binaries/Win64/../../../Engine/Shaders/LightShaftShader.usf" 289
"C:/Program Files (x86)/Epic Games/4.10/Engine/Binaries/Win64/../../../Engine/Shaders/StationaryLightOverlapShaders.usf" 290
"C:/Program Files (x86)/Epic Games/4.10/Engine/Binaries/Win64/../../../Engine/Shaders/DeferredLightPixelShaders.usf" 291
"C:/Program Files (x86)/Epic Games/4.10/Engine/Binaries/Win64/../../../Engine/Shaders/DeferredLightVertexShaders.usf" 292
"C:/Program Files (x86)/Epic Games/4.10/Engine/Binaries/Win64/../../../Engine/Shaders/LPVVisualise.usf" 293
"C:/Program Files (x86)/Epic Games/4.10/Engine/Binaries/Win64/../../../Engine/Shaders/LPVGeometryVolumeCommon.usf" 294
"C:/Program Files (x86)/Epic Games/4.10/Engine/Binaries/Win64/../../../Engine/Shaders/LPVDirectLightInject.usf" 295
"C:/Program Files (x86)/Epic Games/4.10/Engine/Binaries/Win64/../../../Engine/Shaders/LPVPropagate.usf" 296
"C:/Program Files (x86)/Epic Games/4.10/Engine/Binaries/Win64/../../../Engine/Shaders/LPVPacking.usf" 297
"C:/Program Files (x86)/Epic Games/4.10/Engine/Binaries/Win64/../../../Engine/Shaders/LPVBuildGeometryVolume.usf" 298
"C:/Program Files (x86)/Epic Games/4.10/Engine/Binaries/Win64/../../../Engine/Shaders/LpvDirectionalOcclusion.usf" 299
"C:/Program Files (x86)/Epic Games/4.10/Engine/Binaries/Win64/../../../Engine/Shaders/LPVInject_AccumulateVplLists.usf" 300
"C:/Program Files (x86)/Epic Games/4.10/Engine/Binaries/Win64/../../../Engine/Shaders/LPVInject_GenerateVplLists.usf" 301
"C:/Program Files (x86)/Epic Games/4.10/Engine/Binaries/Win64/../../../Engine/Shaders/LPVClearLists.usf" 302
"C:/Program Files (x86)/Epic Games/4.10/Engine/Binaries/Win64/../../../Engine/Shaders/LPVClear.usf" 303
"C:/Program Files (x86)/Epic Games/4.10/Engine/Binaries/Win64/../../../Engine/Shaders/LightMapDensityShader.usf" 304
"C:/Program Files (x86)/Epic Games/4.10/Engine/Binaries/Win64/../../../Engine/Shaders/LightFunctionPixelShader.usf" 305
"C:/Program Files (x86)/Epic Games/4.10/Engine/Binaries/Win64/../../../Engine/Shaders/LightFunctionVertexShader.usf" 306
"C:/Program Files (x86)/Epic Games/4.10/Engine/Binaries/Win64/../../../Engine/Shaders/HeightfieldLighting.usf" 307
"C:/Program Files (x86)/Epic Games/4.10/Engine/Binaries/Win64/../../../Engine/Shaders/DistanceFieldShadowingShared.usf" 308
"C:/Program Files (x86)/Epic Games/4.10/Engine/Binaries/Win64/../../../Engine/Shaders/HdrCustomResolveShaders.usf" 309
"C:/Program Files (x86)/Epic Games/4.10/Engine/Binaries/Win64/../../../Engine/Shaders/GPUBenchmark.usf" 310
"C:/Program Files (x86)/Epic Games/4.10/Engine/Binaries/Win64/../../../Engine/Shaders/GlobalDistanceField.usf" 311
"C:/Program Files (x86)/Epic Games/4.10/Engine/Binaries/Win64/../../../Engine/Shaders/GammaCorrection.usf" 312
"C:/Program Files (x86)/Epic Games/4.10/Engine/Binaries/Win64/../../../Engine/Shaders/BasePassForForwardShadingPixelShader.usf" 313
"C:/Program Files (x86)/Epic Games/4.10/Engine/Binaries/Win64/../../../Engine/Shaders/BasePassForForwardShadingCommon.usf" 314
"C:/Program Files (x86)/Epic Games/4.10/Engine/Binaries/Win64/../../../Engine/Shaders/LightmapCommon.usf" 315
"C:/Program Files (x86)/Epic Games/4.10/Engine/Binaries/Win64/../../../Engine/Shaders/BasePassForForwardShadingVertexShader.usf" 316
"C:/Program Files (x86)/Epic Games/4.10/Engine/Binaries/Win64/../../../Engine/Shaders/HeightFogCommon.usf" 317
"C:/Program Files (x86)/Epic Games/4.10/Engine/Binaries/Win64/../../../Engine/Shaders/HeightFogPixelShader.usf" 318
"C:/Program Files (x86)/Epic Games/4.10/Engine/Binaries/Win64/../../../Engine/Shaders/HeightFogVertexShader.usf" 319
"C:/Program Files (x86)/Epic Games/4.10/Engine/Binaries/Win64/../../../Engine/Shaders/DistortAccumulatePS.usf" 320
"C:/Program Files (x86)/Epic Games/4.10/Engine/Binaries/Win64/../../../Engine/Shaders/DistortAccumulateVS.usf" 321
"C:/Program Files (x86)/Epic Games/4.10/Engine/Binaries/Win64/../../../Engine/Shaders/DistortApplyScreenPS.usf" 322
"C:/Program Files (x86)/Epic Games/4.10/Engine/Binaries/Win64/../../../Engine/Shaders/DistanceFieldSurfaceCacheLighting.usf" 323
"C:/Program Files (x86)/Epic Games/4.10/Engine/Binaries/Win64/../../../Engine/Shaders/SkyLighting.usf" 324
"C:/Program Files (x86)/Epic Games/4.10/Engine/Binaries/Win64/../../../Engine/Shaders/DistanceFieldSurfaceCacheLightingCompute.usf" 325
"C:/Program Files (x86)/Epic Games/4.10/Engine/Binaries/Win64/../../../Engine/Shaders/DistanceFieldShadowing.usf" 326
"C:/Program Files (x86)/Epic Games/4.10/Engine/Binaries/Win64/../../../Engine/Shaders/DistanceFieldScreenGridLighting.usf" 327
"C:/Program Files (x86)/Epic Games/4.10/Engine/Binaries/Win64/../../../Engine/Shaders/DistanceFieldLightingPost.usf" 328
"C:/Program Files (x86)/Epic Games/4.10/Engine/Binaries/Win64/../../../Engine/Shaders/DistanceFieldGlobalIllumination.usf" 329
"C:/Program Files (x86)/Epic Games/4.10/Engine/Binaries/Win64/../../../Engine/Shaders/DepthOnlyPixelShader.usf" 330
"C:/Program Files (x86)/Epic Games/4.10/Engine/Binaries/Win64/../../../Engine/Shaders/DepthOnlyVertexShader.usf" 331
"C:/Program Files (x86)/Epic Games/4.10/Engine/Binaries/Win64/../../../Engine/Shaders/PositionOnlyDepthVertexShader.usf" 332
"C:/Program Files (x86)/Epic Games/4.10/Engine/Binaries/Win64/../../../Engine/Shaders/DownsampleDepthPixelShader.usf" 333
"C:/Program Files (x86)/Epic Games/4.10/Engine/Binaries/Win64/../../../Engine/Shaders/EvaluateSurfelMaterial.usf" 334
"C:/Program Files (x86)/Epic Games/4.10/Engine/Binaries/Win64/../../../Engine/Shaders/ConvertToUniformMesh.usf" 335
"C:/Program Files (x86)/Epic Games/4.10/Engine/Binaries/Win64/../../../Engine/Shaders/BasePassPixelShader.usf" 336
"C:/Program Files (x86)/Epic Games/4.10/Engine/Binaries/Win64/../../../Engine/Shaders/BasePassCommon.usf" 337
"C:/Program Files (x86)/Epic Games/4.10/Engine/Binaries/Win64/../../../Engine/Shaders/ForEachLight.usf" 338
"C:/Program Files (x86)/Epic Games/4.10/Engine/Binaries/Win64/../../../Engine/Shaders/BasePassVertexShader.usf" 339
"C:/Program Files (x86)/Epic Games/4.10/Engine/Binaries/Win64/../../../Engine/Shaders/BasePassVertexCommon.usf" 340
"C:/Program Files (x86)/Epic Games/4.10/Engine/Binaries/Win64/../../../Engine/Shaders/BasePassTessellationShaders.usf" 341
"C:/Program Files (x86)/Epic Games/4.10/Engine/Binaries/Win64/../../../Engine/Shaders/AtmospherePrecompute.usf" 342
"C:/Program Files (x86)/Epic Games/4.10/Engine/Binaries/Win64/../../../Engine/Shaders/AtmospherePrecomputeCommon.usf" 343
"C:/Program Files (x86)/Epic Games/4.10/Engine/Binaries/Win64/../../../Engine/Shaders/AtmospherePrecomputeInscatter.usf" 344
"C:/Program Files (x86)/Epic Games/4.10/Engine/Binaries/Win64/../../../Engine/Shaders/AtmosphericFogShader.usf" 345
"C:/Program Files (x86)/Epic Games/4.10/Engine/Binaries/Win64/../../../Engine/Shaders/ResolveVertexShader.usf" 346
"C:/Program Files (x86)/Epic Games/4.10/Engine/Binaries/Win64/../../../Engine/Shaders/ResolvePixelShader.usf" 347
"C:/Program Files (x86)/Epic Games/4.10/Engine/Binaries/Win64/../../../Engine/Shaders/OneColorShader.usf" 348
"C:/Program Files (x86)/Epic Games/4.10/Engine/Binaries/Win64/../../../Engine/Shaders/MediaShaders.usf" 349
"C:/Program Files (x86)/Epic Games/4.10/Engine/Binaries/Win64/../../../Engine/Shaders/ClearReplacementShaders.usf" 350
"C:/Program Files (x86)/Epic Games/4.10/Engine/Binaries/Win64/../../../Engine/Shaders/SimpleElementTexture2DPreviewPixelShader.usf" 351
"C:/Program Files (x86)/Epic Games/4.10/Engine/Binaries/Win64/../../../Engine/Shaders/SimpleElementNormalMapPixelShader.usf" 352
"C:/Program Files (x86)/Epic Games/4.10/Engine/Binaries/Win64/../../../Engine/Shaders/meshpaintdilatepixelshader.usf" 353
"C:/Program Files (x86)/Epic Games/4.10/Engine/Binaries/Win64/../../../Engine/Shaders/meshpaintdilatevertexshader.usf" 354
"C:/Program Files (x86)/Epic Games/4.10/Engine/Binaries/Win64/../../../Engine/Shaders/MeshPaintPixelShader.usf" 355
"C:/Program Files (x86)/Epic Games/4.10/Engine/Binaries/Win64/../../../Engine/Shaders/MeshPaintVertexShader.usf" 356
"../../../Engine/Config/Android/AndroidEngine.ini" 357
"../../../Engine/Config/IOS/IOSEngine.ini" 358
"../../../Engine/Config/Linux/LinuxEngine.ini" 359
"C:/Users/thoma/AppData/Local/UnrealEngine/4.10/DerivedDataCache/Boot.ddc" 360
"../../../Engine/DerivedDataCache/Compressed.ddp" 361
"../../../Engine/Content/EngineFonts/Roboto.uasset" 362
"../../../Engine/Content/EngineMaterials/Widget3DPassThrough_Translucent.uasset" 363
"../../../Engine/Content/EngineMaterials/Widget3DPassThrough.uasset" 364
"../../../Engine/Content/Functions/Engine_MaterialFunctions02/Texturing/ScreenAlignedUVs.uasset" 365
"../../../Engine/Content/EngineResources/WhiteSquareTexture.uasset" 366
"../../../Engine/Content/Functions/Engine_MaterialFunctions01/Shading/PowerToRoughness.uasset" 367
"../../../Engine/Content/Functions/Engine_MaterialFunctions01/Shading/ConvertFromDiffSpec.uasset" 368
"../../../Engine/Content/EngineMaterials/WorldGridMaterial.uasset" 369
"../../../Engine/Content/Functions/Engine_MaterialFunctions01/Opacity/CameraDepthFade.uasset" 370
"../../../Engine/Content/EngineMaterials/T_Default_Material_Grid_M.uasset" 371
"../../../Engine/Content/EngineMaterials/T_Default_Material_Grid_N.uasset" 372
"../../../Engine/Content/EngineMaterials/DefaultDeferredDecalMaterial.uasset" 373
"../../../Engine/Content/EngineMaterials/DefaultDiffuse.uasset" 374
"../../../Engine/Content/EngineMaterials/DefaultLightFunctionMaterial.uasset" 375
"../../../Engine/Content/EngineMaterials/DefaultPostProcessMaterial.uasset" 376
"../../../Engine/Content/Functions/Engine_MaterialFunctions02/Utility/BreakOutFloat2Components.uasset" 377
"../../../Engine/Content/EngineResources/DefaultTexture.uasset" 378
"../../../Engine/Content/EngineMaterials/Widget3DPassThrough_Translucent_OneSided.uasset" 379
"../../../Engine/Content/EngineMaterials/Widget3DPassThrough_Opaque.uasset" 380
"../../../Engine/Content/EngineMaterials/Widget3DPassThrough_Opaque_OneSided.uasset" 381
"../../../Engine/Content/EngineMaterials/Widget3DPassThrough_Masked.uasset" 382
"../../../Engine/Content/EngineMaterials/Widget3DPassThrough_Masked_OneSided.uasset" 383
"../../../Engine/Content/EditorResources/S_Actor.uasset" 384
"D:/GitHub/SaHS/SaHS/Saved/Config/Windows/TemplateDefs.ini" 385
"D:/GitHub/SaHS/SaHS/Intermediate/Config/CoalescedSourceConfigs/TemplateDefs.ini" 386
"D:/GitHub/SaHS/SaHS/Saved/Config/Windows/GameplayTags.ini" 387
"D:/GitHub/SaHS/SaHS/Intermediate/Config/CoalescedSourceConfigs/GameplayTags.ini" 388
"../../../Engine/Content/Maps/Templates/Thumbnails/Default.uasset" 389
"../../../Engine/Content/EditorMaterials/ParticleSystems/PSysThumbnail_NoImage.uasset" 390
"../../../Engine/Content/EditorMaterials/ParticleSystems/PSysThumbnail_OOD.uasset" 391
"../../../Engine/Content/EditorLandscapeResources/DataLayer.uasset" 392
"../../../Engine/Content/EngineDamageTypes/DmgTypeBP_Environmental.uasset" 393
"..\..\..\Engine\Content\Internationalization\icudt53l\numberingSystems.res" 394
"..\..\..\Engine\Content\Internationalization\icudt53l\curr\supplementalData.res" 395
"..\..\..\Engine\Content\Internationalization\icudt53l\curr\pool.res" 396
"..\..\..\Engine\Content\Internationalization\icudt53l\curr\en_GB.res" 397
"..\..\..\Engine\Content\Internationalization\icudt53l\curr\en_001.res" 398
"..\..\..\Engine\Content\Internationalization\icudt53l\curr\en.res" 399
"..\..\..\Engine\Content\Internationalization\icudt53l\curr\root.res" 400
"../../../Engine/Content/EngineMeshes/Sphere.uasset" 401
"../../../Engine/Content/EngineFonts/RobotoDistanceField.uasset" 402
"../../../Engine/Content/EngineMaterials/DefaultTextMaterialOpaque.uasset" 403
"../../../Engine/Content/EditorResources/S_Trigger.uasset" 404
"../../../Engine/Content/EngineResources/GradientTexture0.uasset" 405
"../../../Engine/Content/EngineResources/Black.uasset" 406
"../../../Engine/Content/EditorMaterials/MatineeGroups/MAT_Groups_Float.uasset" 407
"../../../Engine/Content/EditorMaterials/MatineeGroups/MAT_Groups_Director.uasset" 408
"../../../Engine/Content/EditorMaterials/MatineeGroups/MAT_Groups_Event.uasset" 409
"../../../Engine/Content/EditorMaterials/MatineeGroups/MAT_Groups_Anim.uasset" 410
"../../../Engine/Content/EditorMaterials/MatineeGroups/MAT_Groups_Fade.uasset" 411
"../../../Engine/Content/EditorMaterials/MatineeGroups/MAT_Groups_Move.uasset" 412
"../../../Engine/Content/EditorMaterials/MatineeGroups/MAT_Groups_Slomo.uasset" 413
"../../../Engine/Content/EditorMaterials/MatineeGroups/MAT_ColorTrack.uasset" 414
"../../../Engine/Content/EditorMaterials/MAT_Groups_Toggle.uasset" 415
"../../../Engine/Content/EditorMaterials/MatineeGroups/MAT_Groups_AudioMaster.uasset" 416
"../../../Engine/Content/EditorMaterials/MatineeGroups/MAT_Groups_Sound.uasset" 417
"../../../Engine/Content/EditorMaterials/MatineeGroups/MAT_Groups_Vector.uasset" 418
"../../../Engine/Content/EditorMaterials/MAT_Groups_Visibility.uasset" 419
"../../../Engine/Content/EngineResources/DefaultTextureCube.uasset" 420
"../../../Engine/Content/EngineSounds/Master.uasset" 421
"../../../Engine/Content/EngineSounds/Music.uasset" 422
"../../../Engine/Content/EngineSounds/SFX.uasset" 423
"../../../Engine/Content/EngineSounds/Normal_Attack.uasset" 424
"../../../Engine/Content/EngineSounds/Special_Attack_PSM.uasset" 425
"../../../Engine/Content/EngineSounds/Duck_Normal_Attack_MixMod.uasset" 426
"../../../Engine/Content/EngineSounds/Voice.uasset" 427
"../../../Engine/Content/EngineMeshes/Cylinder.uasset" 428
"../../../Engine/Content/EngineMaterials/DefaultMaterial.uasset" 429
"../../../Engine/Content/EngineTireTypes/DefaultTireType.uasset" 430
"../../../Engine/Content/Editor/Slate/Fonts/FontAwesome.ttf" 431
"../../../Engine/Content/Editor/Slate/Fonts/DroidSansMono.ttf" 432
"../../../Engine/Content/Editor/Slate/Fonts/Roboto-BoldCondensed.ttf" 433
"../../../Engine/Content/Editor/Slate/Fonts/Roboto-Black.ttf" 434
"../../../Engine/Content/Editor/Slate/Fonts/Roboto-Italic.ttf" 435
"../../../Engine/Content/Editor/Slate/Fonts/Roboto-BoldCondensedItalic.ttf" 436
"..\..\..\Engine\Content\Internationalization\icudt53l\coll\ucadata.icu" 437
"..\..\..\Engine\Content\Internationalization\icudt53l\nfc.nrm" 438
"..\..\..\Engine\Content\Internationalization\icudt53l\coll\en.res" 439
"..\..\..\Engine\Content\Internationalization\icudt53l\coll\root.res" 440
"../../../Engine/Content/EngineResources/AICON-Red.uasset" 441
"../../../Engine/Content/EngineResources/AICON-Green.uasset" 442
"../../../Engine/Content/Tutorial/Basics/LevelEditorAttract.uasset" 443
"../../../Engine/Content/Tutorial/ContentIntroCurve.uasset" 444
"../../../Engine/Plugins/2D/Paper2D/Content/MaskedUnlitSpriteMaterial.uasset" 445
"../../../Engine/Plugins/2D/Paper2D/Content/DefaultSpriteMaterial.uasset" 446
"../../../Engine/Plugins/2D/Paper2D/Content/PlaceholderTextures/DummySpriteTexture.uasset" 447
"../../../Engine/Plugins/2D/Paper2D/Content/OpaqueUnlitSpriteMaterial.uasset" 448
"../../../Engine/Plugins/2D/Paper2D/Content/DefaultPaperTerrainMaterial.uasset" 449
"../../../Engine/Plugins/2D/Paper2D/Content/DummySprite.uasset" 450
"../../../Engine/Plugins/2D/Paper2D/Content/DummySpriteTexture.uasset" 451
"C:/Users/thoma/AppData/Local/UnrealEngine/4.10/Saved/Config/Windows/SourceControlSettings.ini" 452
"D:/GitHub/SaHS/SaHS/Intermediate/Config/CoalescedSourceConfigs/SourceControlSettings.ini" 453
"D:/GitHub/SaHS/SaHS/Saved/Config/Windows/SourceControlSettings.ini" 454
"../../../Engine/Plugins/Runtime/LeapMotionController/Content/LM_CapsuleMesh.uasset" 455
"../../../Engine/Plugins/Runtime/LeapMotionController/Content/LM_TorusMesh.uasset" 456
"../../../Engine/Plugins/Runtime/LeapMotionController/Content/LM_HandColor.uasset" 457
"../../../Engine/Plugins/Runtime/LeapMotionController/Content/LM_PassthroughMaterial.uasset" 458
"../../../Engine/Plugins/Runtime/LeapMotionController/Content/LM_SampleDistortion.uasset" 459
"../../../Engine/Plugins/Runtime/LeapMotionController/Content/LM_TestTexture.uasset" 460
"../../../Engine/Content/BasicShapes/Cube.uasset" 461
"../../../Engine/Content/EngineMaterials/RemoveSurfaceMaterial.uasset" 462
"../../../Engine/Content/EngineDebugMaterials/DebugMeshMaterial.uasset" 463
"../../../Engine/Content/EngineMaterials/M_InvalidLightmapSettings.uasset" 464
"../../../Engine/Content/EngineMaterials/InvalidLightmapSettings.uasset" 465
"../../../Engine/Content/EditorMaterials/GizmoMaterial.uasset" 466
"../../../Engine/Content/EngineMaterials/Good64x64TilingNoiseHighFreq.uasset" 467
"../../../Engine/Content/EngineMaterials/DefaultBokeh.uasset" 468
"../../../Engine/Content/EngineMaterials/PreintegratedSkinBRDF.uasset" 469
"../../../Engine/Content/EngineMaterials/MiniFont.uasset" 470
"../../../Engine/Content/EngineMaterials/WeightMapPlaceholderTexture.uasset" 471
"../../../Engine/Content/EngineMaterials/DefaultWhiteGrid.uasset" 472
"../../../Engine/Content/EngineMaterials/DefaultPhysicalMaterial.uasset" 473
"../../../Engine/Content/EngineFonts/RobotoTiny.uasset" 474
"D:/GitHub/SaHS/SaHS/Intermediate/CachedAssetRegistry.bin" 475
"D:/GitHub/SaHS/SaHS/Saved/Autosaves/Game/CustomGameMode_Auto5.uasset" 476
"D:/GitHub/SaHS/SaHS/Saved/Autosaves/Game/Instruction_Spawn_Blueprint_Auto4.uasset" 477
"D:/GitHub/SaHS/SaHS/Saved/Autosaves/Game/Main_Menu_Auto3.uasset" 478
"D:/GitHub/SaHS/SaHS/Saved/Autosaves/Game/Main_Menu_Auto4.uasset" 479
"D:/GitHub/SaHS/SaHS/Saved/Autosaves/Game/Main_Menu_Auto8.uasset" 480
"D:/GitHub/SaHS/SaHS/Saved/Autosaves/Game/Main_Screen_Auto1.umap" 481
"D:/GitHub/SaHS/SaHS/Saved/Autosaves/Game/Main_Screen_Auto2.umap" 482
"D:/GitHub/SaHS/SaHS/Saved/Autosaves/Game/Main_Screen_Auto3.umap" 483
"D:/GitHub/SaHS/SaHS/Saved/Autosaves/Game/Main_Screen_Auto4.umap" 484
"D:/GitHub/SaHS/SaHS/Saved/Autosaves/Game/Main_Screen_Auto8.umap" 485
"D:/GitHub/SaHS/SaHS/Saved/Autosaves/Game/Main_Screen_Auto9.umap" 486
"D:/GitHub/SaHS/SaHS/Saved/Autosaves/Game/MouseController_Auto5.uasset" 487
"D:/GitHub/SaHS/SaHS/Saved/Autosaves/Game/Untitled_Auto3.umap" 488
"D:/GitHub/SaHS/SaHS/Saved/Autosaves/Game/Untitled_Auto4.umap" 489
"D:/GitHub/SaHS/SaHS/Saved/Autosaves/Game/Untitled_Auto5.umap" 490
"D:/GitHub/SaHS/SaHS/Saved/Autosaves/Game/Untitled_Auto6.umap" 491
"D:/GitHub/SaHS/SaHS/Saved/Autosaves/Game/Untitled_Auto7.umap" 492
"D:/GitHub/SaHS/SaHS/Saved/Autosaves/Game/Fonts/ComicSans_Auto1.uasset" 493
"D:/GitHub/SaHS/SaHS/Saved/Autosaves/Game/Levels/Game_Level_Auto0.umap" 494
"D:/GitHub/SaHS/SaHS/Saved/Autosaves/Game/Levels/Game_Level_Auto1.umap" 495
"D:/GitHub/SaHS/SaHS/Saved/Autosaves/Game/Levels/Game_Level_Auto2.umap" 496
"D:/GitHub/SaHS/SaHS/Saved/Autosaves/Game/Levels/Game_Level_Auto3.umap" 497
"D:/GitHub/SaHS/SaHS/Saved/Autosaves/Game/Levels/Game_Level_Auto4.umap" 498
"D:/GitHub/SaHS/SaHS/Saved/Autosaves/Game/Levels/Game_Level_Auto5.umap" 499
"D:/GitHub/SaHS/SaHS/Saved/Autosaves/Game/Levels/Game_Level_Auto6.umap" 500
"D:/GitHub/SaHS/SaHS/Saved/Autosaves/Game/Levels/Game_Level_Auto7.umap" 501
"D:/GitHub/SaHS/SaHS/Saved/Autosaves/Game/Levels/Game_Level_Auto8.umap" 502
"D:/GitHub/SaHS/SaHS/Saved/Autosaves/Game/Levels/Game_Level_Auto9.umap" 503
"D:/GitHub/SaHS/SaHS/Saved/Autosaves/Game/Levels/Main_Screen_Auto1.umap" 504
"D:/GitHub/SaHS/SaHS/Saved/Autosaves/Game/Levels/Main_Screen_Auto2.umap" 505
"D:/GitHub/SaHS/SaHS/Saved/Autosaves/Game/Levels/To-Options_Auto5.uasset" 506
"D:/GitHub/SaHS/SaHS/Saved/Autosaves/Game/Menus/Add_Instruction_Menu_Auto0.uasset" 507
"D:/GitHub/SaHS/SaHS/Saved/Autosaves/Game/Menus/Add_Instruction_Menu_Auto1.uasset" 508
"D:/GitHub/SaHS/SaHS/Saved/Autosaves/Game/Menus/Add_Instruction_Menu_Auto2.uasset" 509
"D:/GitHub/SaHS/SaHS/Saved/Autosaves/Game/Menus/Add_Register_Menu_Auto3.uasset" 510
"D:/GitHub/SaHS/SaHS/Saved/Autosaves/Game/Menus/Add_Register_Menu_Auto4.uasset" 511
"D:/GitHub/SaHS/SaHS/Saved/Autosaves/Game/Menus/Add_Register_Menu_Auto5.uasset" 512
"D:/GitHub/SaHS/SaHS/Saved/Autosaves/Game/Menus/Instructions_Context_Menu_Auto4.uasset" 513
"D:/GitHub/SaHS/SaHS/Saved/Autosaves/Game/Menus/Instructions_Register_Auto8.uasset" 514
"D:/GitHub/SaHS/SaHS/Saved/Autosaves/Game/Menus/Instructions_Register_Menu_Auto0.uasset" 515
"D:/GitHub/SaHS/SaHS/Saved/Autosaves/Game/Menus/Instructions_Register_Menu_Auto2.uasset" 516
"D:/GitHub/SaHS/SaHS/Saved/Autosaves/Game/Menus/Instructions_Register_Menu_Auto3.uasset" 517
"D:/GitHub/SaHS/SaHS/Saved/Autosaves/Game/Menus/Instructions_Register_Menu_Auto4.uasset" 518
"D:/GitHub/SaHS/SaHS/Saved/Autosaves/Game/Menus/Instructions_Register_Menu_Auto5.uasset" 519
"D:/GitHub/SaHS/SaHS/Saved/Autosaves/Game/Menus/Instructions_Register_Menu_Auto7.uasset" 520
"D:/GitHub/SaHS/SaHS/Saved/Autosaves/Game/Menus/Instructions_Register_Menu_Auto8.uasset" 521
"D:/GitHub/SaHS/SaHS/Saved/Autosaves/Game/Menus/Instructions_Register_Menu_Auto9.uasset" 522
"D:/GitHub/SaHS/SaHS/Saved/Autosaves/Game/Menus/Main_Menu_Auto1.uasset" 523
"D:/GitHub/SaHS/SaHS/Saved/Autosaves/Game/Menus/Main_Menu_Auto2.uasset" 524
"D:/GitHub/SaHS/SaHS/Saved/Autosaves/Game/Menus/Main_Menu_Auto3.uasset" 525
"D:/GitHub/SaHS/SaHS/Saved/Autosaves/Game/Menus/NewBlueprint_Auto0.uasset" 526
"D:/GitHub/SaHS/SaHS/Saved/Autosaves/Game/Objects/Control_Instruction_Auto0.uasset" 527
"D:/GitHub/SaHS/SaHS/Saved/Autosaves/Game/Objects/Control_Instruction_Auto1.uasset" 528
"D:/GitHub/SaHS/SaHS/Saved/Autosaves/Game/Objects/Control_Instruction_Auto2.uasset" 529
"D:/GitHub/SaHS/SaHS/Saved/Autosaves/Game/Objects/Control_Instruction_Auto3.uasset" 530
"D:/GitHub/SaHS/SaHS/Saved/Autosaves/Game/Objects/Control_Instruction_Auto4.uasset" 531
"D:/GitHub/SaHS/SaHS/Saved/Autosaves/Game/Objects/Control_Instruction_Auto5.uasset" 532
"D:/GitHub/SaHS/SaHS/Saved/Autosaves/Game/Objects/Control_Instruction_Auto6.uasset" 533
"D:/GitHub/SaHS/SaHS/Saved/Autosaves/Game/Objects/Control_Instruction_Auto7.uasset" 534
"D:/GitHub/SaHS/SaHS/Saved/Autosaves/Game/Objects/Control_Instruction_Auto8.uasset" 535
"D:/GitHub/SaHS/SaHS/Saved/Autosaves/Game/Objects/Control_Instruction_Auto9.uasset" 536
"D:/GitHub/SaHS/SaHS/Saved/Autosaves/Game/Other_Blueprints/Instructions_Area_Sprite_Blueprint_Auto2.uasset" 537
"D:/GitHub/SaHS/SaHS/Saved/Autosaves/Game/Other_Blueprints/Instructions_Area_Sprite_Blueprint_Auto3.uasset" 538
"D:/GitHub/SaHS/SaHS/Saved/Autosaves/Game/Other_Blueprints/Instructions_Area_Sprite_Blueprint_Auto4.uasset" 539
"D:/GitHub/SaHS/SaHS/Saved/Autosaves/Game/Other_Blueprints/Instructions_Area_Sprite_Blueprint_Auto7.uasset" 540
"D:/GitHub/SaHS/SaHS/Saved/Autosaves/Game/Other_Blueprints/Instructions_Area_Sprite_Blueprint_Auto8.uasset" 541
"D:/GitHub/SaHS/SaHS/Saved/Autosaves/Game/Other_Blueprints/Instructions_Area_Sprite_Blueprint_Auto9.uasset" 542
"D:/GitHub/SaHS/SaHS/Saved/Autosaves/Game/Other_Blueprints/Mouse_Controller_Auto3.uasset" 543
"D:/GitHub/SaHS/SaHS/Saved/Autosaves/Game/Sprites/Add_Register_Button_Auto2.uasset" 544
"D:/GitHub/SaHS/SaHS/Saved/Autosaves/Game/Sprites/Add_Register_Button_Sprite_Auto2.uasset" 545
"D:/GitHub/SaHS/SaHS/Saved/Autosaves/Game/Sprites/Buttons_Auto7.uasset" 546
"D:/GitHub/SaHS/SaHS/Saved/Autosaves/Game/Sprites/Buttons_Sprite_Auto2.uasset" 547
"D:/GitHub/SaHS/SaHS/Saved/Autosaves/Game/Sprites/Call-Icon_Sprite_Auto1.uasset" 548
"D:/GitHub/SaHS/SaHS/Saved/Autosaves/Game/Sprites/Connector_Auto2.uasset" 549
"D:/GitHub/SaHS/SaHS/Saved/Autosaves/Game/Sprites/Connector_Sprite_Auto2.uasset" 550
"D:/GitHub/SaHS/SaHS/Saved/Autosaves/Game/Sprites/Connector_Sprite_Auto3.uasset" 551
"D:/GitHub/SaHS/SaHS/Saved/Autosaves/Game/Sprites/Connector_Sprite_Auto4.uasset" 552
"D:/GitHub/SaHS/SaHS/Saved/Autosaves/Game/Sprites/Control_Instruction_Auto1.uasset" 553
"D:/GitHub/SaHS/SaHS/Saved/Autosaves/Game/Sprites/InstructionSpawner_Auto4.uasset" 554
"D:/GitHub/SaHS/SaHS/Saved/Autosaves/Game/Sprites/InstructionSpawner_Auto5.uasset" 555
"D:/GitHub/SaHS/SaHS/Saved/Autosaves/Game/Sprites/InstructionSpawner_Auto6.uasset" 556
"D:/GitHub/SaHS/SaHS/Saved/Autosaves/Game/Sprites/InstructionSpawner_Auto7.uasset" 557
"D:/GitHub/SaHS/SaHS/Saved/Autosaves/Game/Sprites/InstructionSpawner_Auto8.uasset" 558
"D:/GitHub/SaHS/SaHS/Saved/Autosaves/Game/Sprites/InstructionSpawner_Auto9.uasset" 559
"D:/GitHub/SaHS/SaHS/Saved/Autosaves/Game/Sprites/Interface_Auto5.uasset" 560
"D:/GitHub/SaHS/SaHS/Saved/Autosaves/Game/Sprites/Memory-Background_Auto1.uasset" 561
"D:/GitHub/SaHS/SaHS/Saved/Autosaves/Game/Sprites/Memory-Background_Sprite_Auto1.uasset" 562
"D:/GitHub/SaHS/SaHS/Saved/Autosaves/Game/Sprites/NewBlueprint_Auto3.uasset" 563
"D:/GitHub/SaHS/SaHS/Saved/Autosaves/Game/Sprites/Raw_Binary_Area_Auto6.uasset" 564
"D:/GitHub/SaHS/SaHS/Saved/Autosaves/Game/Sprites/Raw_Binary_Area_Sprite_Auto6.uasset" 565
"D:/GitHub/SaHS/SaHS/Saved/Autosaves/Game/Sprites/Register_Field_Auto2.uasset" 566
"D:/GitHub/SaHS/SaHS/Saved/Autosaves/Game/Sprites/Register_Field_Sprite_Auto2.uasset" 567
"D:/GitHub/SaHS/SaHS/Saved/Autosaves/Game/Sprites/Spawn_Auto3.uasset" 568
"D:/GitHub/SaHS/SaHS/Saved/Autosaves/Game/Sprites/StartActor_Auto2.uasset" 569
"D:/GitHub/SaHS/SaHS/Saved/Autosaves/Game/Sprites/StartInstruction_Auto3.uasset" 570
"D:/GitHub/SaHS/SaHS/Saved/Autosaves/Game/Sprites/StartInstruction_Auto6.uasset" 571
"D:/GitHub/SaHS/SaHS/Saved/Autosaves/Game/Sprites/StartInstruction_Auto7.uasset" 572
"D:/GitHub/SaHS/SaHS/Saved/Autosaves/Game/Sprites/StartInstruction_Auto9.uasset" 573
"D:/GitHub/SaHS/SaHS/Saved/Autosaves/Game/Sprites/Start_Button_Auto7.uasset" 574
"D:/GitHub/SaHS/SaHS/Saved/Autosaves/Game/Sprites/Step_Back_Button_Auto7.uasset" 575
"D:/GitHub/SaHS/SaHS/Saved/Autosaves/Game/Sprites/Step_Forward_Button_Auto7.uasset" 576
"D:/GitHub/SaHS/SaHS/Saved/Autosaves/Game/Sprites/To-CPU_Auto5.uasset" 577
"D:/GitHub/SaHS/SaHS/Saved/Autosaves/Game/Textures/Add_Register_Button_Auto4.uasset" 578
"D:/GitHub/SaHS/SaHS/Saved/Autosaves/Game/Textures/Buttons_Auto2.uasset" 579
"D:/GitHub/SaHS/SaHS/Saved/Autosaves/Game/Textures/Buttons_Auto8.uasset" 580
"D:/GitHub/SaHS/SaHS/Saved/Autosaves/Game/Textures/Buttons_Sprite_Auto2.uasset" 581
"D:/GitHub/SaHS/SaHS/Saved/Autosaves/Game/Textures/Buttons_Sprite_Auto7.uasset" 582
"D:/GitHub/SaHS/SaHS/Saved/Autosaves/Game/Textures/Buttons_Sprite_Auto8.uasset" 583
"D:/GitHub/SaHS/SaHS/Saved/Autosaves/Game/Textures/Call-Icon_Auto2.uasset" 584
"D:/GitHub/SaHS/SaHS/Saved/Autosaves/Game/Textures/Call-Icon_Sprite_Auto7.uasset" 585
"D:/GitHub/SaHS/SaHS/Saved/Autosaves/Game/Textures/Close_Button_Auto5.uasset" 586
"D:/GitHub/SaHS/SaHS/Saved/Autosaves/Game/Textures/Connector_Auto3.uasset" 587
"D:/GitHub/SaHS/SaHS/Saved/Autosaves/Game/Textures/Connector_Auto4.uasset" 588
"D:/GitHub/SaHS/SaHS/Saved/Autosaves/Game/Textures/Connector_Sprite_Auto2.uasset" 589
"D:/GitHub/SaHS/SaHS/Saved/Autosaves/Game/Textures/Connector_Sprite_Auto3.uasset" 590
"D:/GitHub/SaHS/SaHS/Saved/Autosaves/Game/Textures/Connector_Sprite_Auto4.uasset" 591
"D:/GitHub/SaHS/SaHS/Saved/Autosaves/Game/Textures/Connector_v2_Auto5.uasset" 592
"D:/GitHub/SaHS/SaHS/Saved/Autosaves/Game/Textures/Connector_v2_full_Auto6.uasset" 593
"D:/GitHub/SaHS/SaHS/Saved/Autosaves/Game/Textures/Connector_v2_full_Sprite_Auto6.uasset" 594
"D:/GitHub/SaHS/SaHS/Saved/Autosaves/Game/Textures/Connector_v2_Sprite_Auto5.uasset" 595
"D:/GitHub/SaHS/SaHS/Saved/Autosaves/Game/Textures/CPU-Background_Auto1.uasset" 596
"D:/GitHub/SaHS/SaHS/Saved/Autosaves/Game/Textures/CPU-Background_Sprite_Auto1.uasset" 597
"D:/GitHub/SaHS/SaHS/Saved/Autosaves/Game/Textures/End-Icon_Auto1.uasset" 598
"D:/GitHub/SaHS/SaHS/Saved/Autosaves/Game/Textures/End-Icon_Auto3.uasset" 599
"D:/GitHub/SaHS/SaHS/Saved/Autosaves/Game/Textures/End-Icon_Sprite_Auto2.uasset" 600
"D:/GitHub/SaHS/SaHS/Saved/Autosaves/Game/Textures/End-Icon_Sprite_Auto3.uasset" 601
"D:/GitHub/SaHS/SaHS/Saved/Autosaves/Game/Textures/Instruction-Icon-Template_Auto2.uasset" 602
"D:/GitHub/SaHS/SaHS/Saved/Autosaves/Game/Textures/Instruction-Icon-Template_Sprite_Auto3.uasset" 603
"D:/GitHub/SaHS/SaHS/Saved/Autosaves/Game/Textures/Instructions_Area_Auto1.uasset" 604
"D:/GitHub/SaHS/SaHS/Saved/Autosaves/Game/Textures/Instructions_Area_Auto2.uasset" 605
"D:/GitHub/SaHS/SaHS/Saved/Autosaves/Game/Textures/Instructions_Area_Sprite_Auto1.uasset" 606
"D:/GitHub/SaHS/SaHS/Saved/Autosaves/Game/Textures/Menu-Background_Auto5.uasset" 607
"D:/GitHub/SaHS/SaHS/Saved/Autosaves/Game/Textures/Menu-Background_Sprite_Auto2.uasset" 608
"D:/GitHub/SaHS/SaHS/Saved/Autosaves/Game/Textures/NumberValue-Icon_Auto2.uasset" 609
"D:/GitHub/SaHS/SaHS/Saved/Autosaves/Game/Textures/Start-Icon_Auto3.uasset" 610
"D:/GitHub/SaHS/SaHS/Saved/Autosaves/Game/Textures/Start-Icon_Auto8.uasset" 611
"D:/GitHub/SaHS/SaHS/Saved/Autosaves/Game/Textures/Start-Icon_Auto9.uasset" 612
"D:/GitHub/SaHS/SaHS/Saved/Autosaves/Game/Textures/Start-Icon_Sprite_Auto3.uasset" 613
"D:/GitHub/SaHS/SaHS/Saved/Autosaves/Game/Textures/Start-Icon_Sprite_Auto8.uasset" 614
"D:/GitHub/SaHS/SaHS/Saved/Autosaves/Game/Textures/To-CPU-From-Memory_Auto6.uasset" 615
"D:/GitHub/SaHS/SaHS/Saved/Autosaves/Game/Textures/To-CPU-From-Memory_Sprite_Auto6.uasset" 616
"D:/GitHub/SaHS/SaHS/Saved/Autosaves/Game/Textures/To-CPU_Sprite_Auto5.uasset" 617
"D:/GitHub/SaHS/SaHS/Saved/Autosaves/Game/Textures/To-Options_Sprite_Auto5.uasset" 618
"D:/GitHub/SaHS/SaHS/Saved/Autosaves/Temp/Untitled_1_Auto1.umap" 619
"D:/GitHub/SaHS/SaHS/Saved/Autosaves/Temp/Untitled_1_Auto2.umap" 620
"D:/GitHub/SaHS/SaHS/Saved/Autosaves/Temp/Untitled_1_Auto3.umap" 621
"D:/GitHub/SaHS/SaHS/Saved/Cooked/WindowsNoEditor/SaHS/CookedIniVersion.txt" 622
"../../../Engine/Config/HTML5/HTML5Engine.ini" 623
"../../../Engine/Content/MobileResources/HUD/VirtualJoystick_Thumb.uasset" 624
"D:/GitHub/SaHS/SaHS/Content/Other_Blueprints/Mouse_Gamemode.uasset" 625
"D:/GitHub/SaHS/SaHS/Content/Other_Blueprints/Mouse_Controller.uasset" 626
"../../../Engine/Content/EditorResources/BSPVertex.uasset" 627
"../../../Engine/Content/EngineDebugMaterials/GeomMaterial.uasset" 628
"../../../Engine/Content/EngineDebugMaterials/BoneWeightMaterial.uasset" 629
"../../../Engine/Content/EngineDebugMaterials/HeatmapGradient.uasset" 630
"../../../Engine/Content/EditorMaterials/PhAT_JointLimitMaterial.uasset" 631
"../../../Engine/Content/EditorMaterials/PreviewShadowIndicatorMaterial.uasset" 632
"../../../Engine/Content/EditorMaterials/PreviewShadowIndicator.uasset" 633
"../../../Engine/Content/EngineMaterials/EditorBrushMaterial.uasset" 634
"../../../Engine/Content/EditorMeshes/ColorCalibrator/SM_ColorCalibrator.uasset" 635
"../../../Engine/Content/EditorMeshes/ColorCalibrator/M_ChromeBall.uasset" 636
"../../../Engine/Content/EditorMeshes/ColorCalibrator/M_ClearCoat.uasset" 637
"../../../Engine/Content/EditorMeshes/ColorCalibrator/M_ClearCoatBlack.uasset" 638
"../../../Engine/Content/EditorMeshes/ColorCalibrator/M_ColorGrid.uasset" 639
"../../../Engine/Content/EditorMeshes/ColorCalibrator/T_ColorGrid.uasset" 640
"../../../Engine/Content/EditorMeshes/ColorCalibrator/M_GreyBall.uasset" 641
"../../../Engine/Content/MobileResources/HUD/DefaultVirtualJoysticks.uasset" 642
"../../../Engine/Content/MobileResources/HUD/VirtualJoystick_Background.uasset" 643
"../../../Engine/Content/Tutorial/BlueprintTutorials/TutorialAssets/Blueprint_64x.uasset" 644
"../../../Engine/Content/Tutorial/SubEditors/TutorialAssets/icon_Editor_Preferences_General_40x.uasset" 645
"../../../Engine/Content/Tutorial/Paper2D/TutorialAssets/Paper2DSprite_TutorialIcon.uasset" 646
"../../../Engine/Content/Tutorial/SubEditors/TutorialAssets/icon_ShowSkeletalMeshes_40x.uasset" 647
"../../../Engine/Content/Tutorial/Landscape/TutorialAssets/Landscape.uasset" 648
"../../../Engine/Content/Tutorial/Foliage/TutorialAssets/Foliage.uasset" 649
"../../../Engine/Content/Tutorial/SubEditors/StaticMeshEditorTutorial.uasset" 650
"../../../Engine/Content/EngineMeshes/Cube.uasset" 651
"../../../Engine/Content/Tutorial/Basics/LevelEditorOverview.uasset" 652
"../../../Engine/Content/Tutorial/Basics/TutorialAssets/icon_tab_Levels_40x.uasset" 653
"../../../Engine/Content/Tutorial/BlueprintTutorials/BlueprintEditorTutorial.uasset" 654
"../../../Engine/Content/Tutorial/BlueprintTutorials/BlueprintMacroLibrariesEditorOverview.uasset" 655
"../../../Engine/Content/Tutorial/BlueprintTutorials/TutorialAssets/BlueprintMacroLibrary_64x.uasset" 656
"../../../Engine/Content/Tutorial/BlueprintTutorials/TutorialAssets/Tutorial_BP_MacroLib.uasset" 657
"../../../Engine/Content/Tutorial/BlueprintTutorials/BlueprintInterfacesEditorOverview.uasset" 658
"../../../Engine/Content/Tutorial/BlueprintTutorials/TutorialAssets/BlueprintInterface_64x.uasset" 659
"../../../Engine/Content/Tutorial/BlueprintTutorials/TutorialAssets/Tutorial_BP_Interface.uasset" 660
"../../../Engine/Content/Tutorial/BlueprintTutorials/LevelBlueprintEditorOverview.uasset" 661
"../../../Engine/Content/Tutorial/SubEditors/DestructibleMeshEditorTutorial.uasset" 662
"../../../Engine/Content/Tutorial/SubEditors/TutorialAssets/Tutorial_DM.uasset" 663
"../../../Engine/Content/EditorMeshes/EditorCube.uasset" 664
"../../../Engine/Content/Tutorial/SubEditors/MaterialEditorTutorial.uasset" 665
"../../../Engine/Content/Tutorial/SubEditors/TutorialAssets/TutorialMaterial.uasset" 666
"../../../Engine/Content/Tutorial/SubEditors/ParticleSystemEditorTutorial.uasset" 667
"../../../Engine/Content/Tutorial/SubEditors/TutorialAssets/TutorialParticleSystem.uasset" 668
"../../../Engine/Content/Tutorial/SubEditors/TutorialAssets/M_smoke_subUV_blackbody.uasset" 669
"../../../Engine/Content/Tutorial/SubEditors/TutorialAssets/T_SmokeSubUV_8X8.uasset" 670
"../../../Engine/Content/Tutorial/SubEditors/TutorialAssets/T_soft_smoke.uasset" 671
"../../../Engine/Content/Tutorial/SubEditors/PersonaAnimEditorWalkThrough.uasset" 672
"../../../Engine/Content/Tutorial/SubEditors/TutorialAssets/Character/NewBlendSpace1D.uasset" 673
"../../../Engine/Content/Tutorial/SubEditors/TutorialAssets/Character/Tutorial_Idle.uasset" 674
"../../../Engine/Content/Tutorial/SubEditors/TutorialAssets/Character/TutorialTPP_Skeleton.uasset" 675
"../../../Engine/Content/Tutorial/SubEditors/TutorialAssets/Character/Tutorial_Walk_Fwd.uasset" 676
"../../../Engine/Content/Tutorial/SubEditors/TutorialAssets/Character/TutorialTPP.uasset" 677
"../../../Engine/Content/Tutorial/SubEditors/TutorialAssets/Character/TutorialTPP_Mat.uasset" 678
"../../../Engine/Content/Tutorial/SubEditors/TutorialAssets/Character/TutorialTPP_PhysicsAsset.uasset" 679
"../../../Engine/Content/Tutorial/SubEditors/PersonaAnimBlueprintEditorWalkthrough.uasset" 680
"../../../Engine/Content/Tutorial/SubEditors/TutorialAssets/Character/TutorialTPP_AnimBlueprint.uasset" 681
"../../../Engine/Content/EditorBlueprintResources/StandardMacros.uasset" 682
"../../../Engine/Content/Tutorial/SubEditors/TutorialAssets/Character/TutorialCharacter.uasset" 683
"../../../Engine/Content/Tutorial/Paper2D/SpriteEditorTutorial.uasset" 684
"../../../Engine/Content/Tutorial/Paper2D/FlipbookEditorTutorial.uasset" 685
"../../../Engine/Content/Tutorial/Paper2D/TutorialAssets/Paper2DFlipbook_TutorialIcon.uasset" 686
"../../../Engine/Content/Tutorial/Landscape/Landscape_Manage_Mode.uasset" 687
"../../../Engine/Content/Tutorial/Landscape/Landscape_Sculpt_Mode.uasset" 688
"../../../Engine/Content/Tutorial/Landscape/Landscape_Painting_Mode.uasset" 689
"../../../Engine/Content/Tutorial/Foliage/Foliage_Intro_Tutorial.uasset" 690
"../../../Engine/Content/Tutorial/Foliage/Foliage_Using_The_Tool_Tutorial.uasset" 691
"../../../Engine/Content/Tutorial/Foliage/Foliage_Settings_Tutorial.uasset" 692
"../../../Engine/Content/Tutorial/Basics/FeaturePacks.uasset" 693
"../../../Engine/Content/Tutorial/Basics/ContentBrowserOverview.uasset" 694
"../../../Engine/Content/MobileResources/HUD/T_Castle_ThumbstickInner.uasset" 695
"../../../Engine/Content/MobileResources/HUD/MobileHUDDirectionPad.uasset" 696
"D:/GitHub/SaHS/SaHS/Content/Textures/End-Icon.uasset" 697
"C:/Users/thoma/AppData/Local/UnrealEngine/Common/DerivedDataCache/7/3/9/TEXTURE_814DCC3DC72143F49509781513CB9855_AUTODXT_20EFF61A4C0C413A17109EB41D128__2AE576756E07D7B338C243B652994960E893F453.udd" 698
"D:/GitHub/SaHS/SaHS/Content/Textures/Connector_v2_full.uasset" 699
"C:/Users/thoma/AppData/Local/UnrealEngine/Common/DerivedDataCache/6/0/7/TEXTURE_814DCC3DC72143F49509781513CB9855_BGRA8_EF6EE0FF401E2556CC2857B7394F630__26ADA28B3DD4FD519F76FDFC8828548123A41B22.udd" 700
"D:/GitHub/SaHS/SaHS/Content/Sprites/2D-Sprites/Register_Field_Sprite.uasset" 701
"../../../Engine/Plugins/2D/Paper2D/Content/TranslucentUnlitSpriteMaterial.uasset" 702
"D:/GitHub/SaHS/SaHS/Content/Textures/Register_Field.uasset" 703
"D:/GitHub/SaHS/SaHS/Content/Sprites/2D-Sprites/Raw_Binary_Area_Sprite.uasset" 704
"D:/GitHub/SaHS/SaHS/Content/Textures/Raw_Binary_Area.uasset" 705
"D:/GitHub/SaHS/SaHS/Content/Sprites/2D-Sprites/Move-Icon_Sprite.uasset" 706
"D:/GitHub/SaHS/SaHS/Content/Textures/Move-Icon.uasset" 707
"D:/GitHub/SaHS/SaHS/Content/Sprites/2D-Sprites/Memory-Background_Sprite.uasset" 708
"D:/GitHub/SaHS/SaHS/Content/Textures/Memory-Background.uasset" 709
"D:/GitHub/SaHS/SaHS/Content/Sprites/2D-Sprites/Intructions_Menu.uasset" 710
"D:/GitHub/SaHS/SaHS/Content/Textures/Menu-Background.uasset" 711
"D:/GitHub/SaHS/SaHS/Content/Sprites/2D-Sprites/Instructions_Area_Sprite.uasset" 712
"D:/GitHub/SaHS/SaHS/Content/Textures/Instructions_Area.uasset" 713
"D:/GitHub/SaHS/SaHS/Content/Sprites/2D-Sprites/Instruction-Icon-Template_Sprite.uasset" 714
"D:/GitHub/SaHS/SaHS/Content/Textures/Instruction-Icon-Template.uasset" 715
"D:/GitHub/SaHS/SaHS/Content/Sprites/2D-Sprites/Information_Area_Sprite.uasset" 716
"D:/GitHub/SaHS/SaHS/Content/Textures/Information_Area.uasset" 717
"D:/GitHub/SaHS/SaHS/Content/Sprites/2D-Sprites/End-Icon_Sprite.uasset" 718
"D:/GitHub/SaHS/SaHS/Content/Sprites/2D-Sprites/CPU-Background_Sprite.uasset" 719
"D:/GitHub/SaHS/SaHS/Content/Textures/CPU-Background.uasset" 720
"D:/GitHub/SaHS/SaHS/Content/Sprites/2D-Sprites/Connector_v2_Sprite.uasset" 721
"D:/GitHub/SaHS/SaHS/Content/Textures/Connector_v2.uasset" 722
"D:/GitHub/SaHS/SaHS/Content/Sprites/2D-Sprites/Connector_v2_full_Sprite.uasset" 723
"D:/GitHub/SaHS/SaHS/Content/Sprites/2D-Sprites/Call-Icon_Sprite.uasset" 724
"D:/GitHub/SaHS/SaHS/Content/Textures/Call-Icon.uasset" 725
"D:/GitHub/SaHS/SaHS/Content/Sprites/2D-Sprites/Buttons_Sprite_Close.uasset" 726
"D:/GitHub/SaHS/SaHS/Content/Textures/Buttons.uasset" 727
"D:/GitHub/SaHS/SaHS/Content/Sprites/2D-Sprites/Buttons_Sprite.uasset" 728
"D:/GitHub/SaHS/SaHS/Content/Sprites/2D-Sprites/Background_Sprite.uasset" 729
"D:/GitHub/SaHS/SaHS/Content/Textures/Main-Menu-Background.uasset" 730
"D:/GitHub/SaHS/SaHS/Content/Sprites/2D-Sprites/Add_Register_Button_Sprite.uasset" 731
"D:/GitHub/SaHS/SaHS/Content/Textures/Add_Register_Button.uasset" 732
"D:/GitHub/SaHS/SaHS/Content/Sprites/To-CPU.uasset" 733
"D:/GitHub/SaHS/SaHS/Content/Sprites/StartInstruction.uasset" 734
"D:/GitHub/SaHS/SaHS/Content/Sprites/Register_Field.uasset" 735
"D:/GitHub/SaHS/SaHS/Content/Sprites/Raw_Binary_Area.uasset" 736
"D:/GitHub/SaHS/SaHS/Content/Sprites/NewBlueprint.uasset" 737
"D:/GitHub/SaHS/SaHS/Content/Sprites/Memory-Background.uasset" 738
"D:/GitHub/SaHS/SaHS/Content/Sprites/Interface.uasset" 739
"D:/GitHub/SaHS/SaHS/Content/Sprites/Control_Instruction.uasset" 740
"D:/GitHub/SaHS/SaHS/Content/Objects/Control_Instruction.uasset" 741
"D:/GitHub/SaHS/SaHS/Content/Objects/instruction.uasset" 742
"D:/GitHub/SaHS/SaHS/Content/Menus/Instruction_Context_Menu.uasset" 743
"D:/GitHub/SaHS/SaHS/Content/Sprites/2D-Sprites/Start-Icon_Sprite.uasset" 744
"D:/GitHub/SaHS/SaHS/Content/Textures/Start-Icon.uasset" 745
"D:/GitHub/SaHS/SaHS/Content/Sprites/Connector.uasset" 746
"D:/GitHub/SaHS/SaHS/Content/Sprites/Buttons.uasset" 747
"D:/GitHub/SaHS/SaHS/Content/Sprites/Background_Sprite.uasset" 748
"D:/GitHub/SaHS/SaHS/Content/Objects/Background_Sprite.uasset" 749
"D:/GitHub/SaHS/SaHS/Content/Objects/2D-Sprites/Background_Sprite.uasset" 750
"D:/GitHub/SaHS/SaHS/Content/Sprites/Add_Register_Button.uasset" 751
"D:/GitHub/SaHS/SaHS/Content/Other_Blueprints/Instructions_Area_Sprite_Blueprint.uasset" 752
"D:/GitHub/SaHS/SaHS/Content/Menus/Add_Instruction_Menu.uasset" 753
"D:/GitHub/SaHS/SaHS/Content/Textures/Close_Button.uasset" 754
"D:/GitHub/SaHS/SaHS/Content/Menus/Instructions_Context_Menu.uasset" 755
"D:/GitHub/SaHS/SaHS/Content/Objects/2D-Sprites/To-Options_Sprite.uasset" 756
"D:/GitHub/SaHS/SaHS/Content/Sprites/2D-Sprites/To-Options_Sprite.uasset" 757
"D:/GitHub/SaHS/SaHS/Content/Textures/To-Options.uasset" 758
"D:/GitHub/SaHS/SaHS/Content/Objects/2D-Sprites/To-Memory-Button_Sprite.uasset" 759
"D:/GitHub/SaHS/SaHS/Content/Sprites/2D-Sprites/To-Memory-Button_Sprite.uasset" 760
"D:/GitHub/SaHS/SaHS/Content/Textures/To-Memory-Button.uasset" 761
"D:/GitHub/SaHS/SaHS/Content/Objects/2D-Sprites/To-CPU_Sprite.uasset" 762
"D:/GitHub/SaHS/SaHS/Content/Sprites/2D-Sprites/To-CPU_Sprite.uasset" 763
"D:/GitHub/SaHS/SaHS/Content/Textures/To-CPU.uasset" 764
"D:/GitHub/SaHS/SaHS/Content/Objects/2D-Sprites/To-CPU-From-Memory_Sprite.uasset" 765
"D:/GitHub/SaHS/SaHS/Content/Sprites/2D-Sprites/To-CPU-From-Memory_Sprite.uasset" 766
"D:/GitHub/SaHS/SaHS/Content/Textures/To-CPU-From-Memory.uasset" 767
"D:/GitHub/SaHS/SaHS/Content/Objects/2D-Sprites/Step_Forward_Button.uasset" 768
"D:/GitHub/SaHS/SaHS/Content/Sprites/2D-Sprites/Step_Forward_Button.uasset" 769
"D:/GitHub/SaHS/SaHS/Content/Objects/2D-Sprites/Step_Back_Button.uasset" 770
"D:/GitHub/SaHS/SaHS/Content/Sprites/2D-Sprites/Step_Back_Button.uasset" 771
"D:/GitHub/SaHS/SaHS/Content/Objects/2D-Sprites/Start_Button.uasset" 772
"D:/GitHub/SaHS/SaHS/Content/Sprites/2D-Sprites/Start_Button.uasset" 773
"D:/GitHub/SaHS/SaHS/Content/Objects/2D-Sprites/Raw_Binary_Area_Sprite.uasset" 774
"D:/GitHub/SaHS/SaHS/Content/Objects/2D-Sprites/Memory-Background_Sprite.uasset" 775
"D:/GitHub/SaHS/SaHS/Content/Objects/2D-Sprites/Instructions_Area_Sprite.uasset" 776
"D:/GitHub/SaHS/SaHS/Content/Objects/2D-Sprites/Information_Area_Sprite.uasset" 777
"D:/GitHub/SaHS/SaHS/Content/Objects/2D-Sprites/CPU-Background_Sprite.uasset" 778
"D:/GitHub/SaHS/SaHS/Content/Objects/2D-Sprites/Connector_v2_Sprite.uasset" 779
"D:/GitHub/SaHS/SaHS/Content/Objects/2D-Sprites/Connector_v2_full_Sprite.uasset" 780
"D:/GitHub/SaHS/SaHS/Content/Objects/2D-Sprites/Add_Register_Button_Sprite.uasset" 781
"D:/GitHub/SaHS/SaHS/Content/Objects/To-Options_Sprite.uasset" 782
"D:/GitHub/SaHS/SaHS/Content/Objects/To-Memory-Button_Sprite.uasset" 783
"D:/GitHub/SaHS/SaHS/Content/Objects/To-CPU_Sprite.uasset" 784
"D:/GitHub/SaHS/SaHS/Content/Objects/To-CPU-From-Memory_Sprite.uasset" 785
"D:/GitHub/SaHS/SaHS/Content/Objects/Step_Forward_Button.uasset" 786
"D:/GitHub/SaHS/SaHS/Content/Objects/Step_Back_Button.uasset" 787
"D:/GitHub/SaHS/SaHS/Content/Objects/Start_Button.uasset" 788
"D:/GitHub/SaHS/SaHS/Content/Objects/StartInstruction_C.uasset" 789
"D:/GitHub/SaHS/SaHS/Content/Objects/StartInstruction.uasset" 790
"D:/GitHub/SaHS/SaHS/Content/Objects/Start-Icon_Sprite.uasset" 791
"D:/GitHub/SaHS/SaHS/Content/Objects/Register_Object.uasset" 792
"D:/GitHub/SaHS/SaHS/Content/Objects/Raw_Binary_Area_Sprite.uasset" 793
"D:/GitHub/SaHS/SaHS/Content/Objects/Memory-Background_Sprite.uasset" 794
"D:/GitHub/SaHS/SaHS/Content/Objects/Intructions_Menu.uasset" 795
"D:/GitHub/SaHS/SaHS/Content/Objects/Instruction_Object.uasset" 796
"D:/GitHub/SaHS/SaHS/Content/Objects/Instructions_Area_Sprite.uasset" 797
"D:/GitHub/SaHS/SaHS/Content/Objects/Instruction-Icon-Template_Sprite.uasset" 798
"D:/GitHub/SaHS/SaHS/Content/Objects/Information_Area_Sprite.uasset" 799
"D:/GitHub/SaHS/SaHS/Content/Objects/Default__StartInstruction_C.uasset" 800
"D:/GitHub/SaHS/SaHS/Content/Objects/CPU-Background_Sprite.uasset" 801
"D:/GitHub/SaHS/SaHS/Content/Objects/Connector_v2_Sprite.uasset" 802
"D:/GitHub/SaHS/SaHS/Content/Objects/Connector_v2_full_Sprite.uasset" 803
"D:/GitHub/SaHS/SaHS/Content/Objects/Call-Icon_Sprite.uasset" 804
"D:/GitHub/SaHS/SaHS/Content/Objects/Buttons_Sprite.uasset" 805
"D:/GitHub/SaHS/SaHS/Content/Objects/Add_Register_Button_Sprite.uasset" 806
"D:/GitHub/SaHS/SaHS/Content/Object/Spawn_C.uasset" 807
"D:/GitHub/SaHS/SaHS/Content/Object/Spawn.uasset" 808
"D:/GitHub/SaHS/SaHS/Content/Object/Default__Spawn_C.uasset" 809
"D:/GitHub/SaHS/SaHS/Content/Menus/NewBlueprint.uasset" 810
"D:/GitHub/SaHS/SaHS/Content/Menus/Main_Menu.uasset" 811
"D:/GitHub/SaHS/SaHS/Content/Menus/Instructions_Register.uasset" 812
"D:/GitHub/SaHS/SaHS/Content/Menus/Add_Register_Menu.uasset" 813
"D:/GitHub/SaHS/SaHS/Content/Menus/Add_Register.uasset" 814
"D:/GitHub/SaHS/SaHS/Content/Levels/To-Options.uasset" 815
"D:/GitHub/SaHS/SaHS/Content/Levels/To-Memory-Button.uasset" 816
"D:/GitHub/SaHS/SaHS/Content/Levels/Game_Screen.uasset" 817
"D:/GitHub/SaHS/SaHS/Content/Mouse_Gamemode.uasset" 818
"D:/GitHub/SaHS/SaHS/Content/MouseController.uasset" 819
"D:/GitHub/SaHS/SaHS/Content/Main_Menu.uasset" 820
"D:/GitHub/SaHS/SaHS/Content/CustomGameMode.uasset" 821
"../../../Engine/Content/MobileResources/HUD/MobileHUDButton1_off.uasset" 822
"C:/Users/thoma/AppData/Local/UnrealEngine/Common/DerivedDataCache/5/4/4/TEXTURE_814DCC3DC72143F49509781513CB9855_AUTODXT_0965C4054CF998A01619A69F84FDF__BFDDCE97E0BE82DA5010CBACFD4E34C9C7D26A36.udd" 823
"D:/GitHub/SaHS/SaHS/Content/Textures/Move-Icon_Sprite.uasset" 824
"C:/Users/thoma/AppData/Local/UnrealEngine/Common/DerivedDataCache/4/0/4/TEXTURE_814DCC3DC72143F49509781513CB9855_AUTODXT_3A74FAB340D80E7C2C8DC6AE8C1AA__885A4FBFB5A82C7011C0E2624562F0578B208826.udd" 825
"C:/Users/thoma/AppData/Local/UnrealEngine/Common/DerivedDataCache/5/6/8/TEXTURE_814DCC3DC72143F49509781513CB9855_AUTODXT_B098558E4A04032600ACF6B554F75__583EF1C1CCFF14508C8515C7F49E3C40FBD07904.udd" 826
"D:/GitHub/SaHS/SaHS/Content/Textures/CPU-Background_Sprite.uasset" 827
"C:/Users/thoma/AppData/Local/UnrealEngine/Common/DerivedDataCache/7/0/0/TEXTURE_814DCC3DC72143F49509781513CB9855_AUTODXT_DADA66CF48BEE515D43BE29ECECE4__136C27D99F377114B960B7A7EF8504AF1ED12A25.udd" 828
"C:/Users/thoma/AppData/Local/UnrealEngine/Common/DerivedDataCache/2/7/6/TEXTURE_814DCC3DC72143F49509781513CB9855_AUTODXT_DADA66CF48BEE515D43BE29ECECE4__936C4BACAF4BDAC328BFD4F576BD00EC02295F28.udd" 829
"C:/Users/thoma/AppData/Local/UnrealEngine/Common/DerivedDataCache/0/4/7/TEXTURE_814DCC3DC72143F49509781513CB9855_AUTODXT_DADA66CF48BEE515D43BE29ECECE4__2C231A7CF4045465CCC273B4F1D889635B2D1C3E.udd" 830
"C:/Users/thoma/AppData/Local/UnrealEngine/Common/DerivedDataCache/9/8/5/TEXTURE_814DCC3DC72143F49509781513CB9855_AUTODXT_DADA66CF48BEE515D43BE29ECECE4__1DA6F8A191BFFE64981155619C2656B0DBEDB130.udd" 831
"C:/Users/thoma/AppData/Local/UnrealEngine/Common/DerivedDataCache/6/6/3/TEXTURE_814DCC3DC72143F49509781513CB9855_AUTODXT_DADA66CF48BEE515D43BE29ECECE4__DEC483E2B0AF1DD3150867335E36EBD1533AA066.udd" 832
"D:/GitHub/SaHS/SaHS/Content/Textures/To-Memory-Button_Sprite.uasset" 833
"C:/Users/thoma/AppData/Local/UnrealEngine/Common/DerivedDataCache/7/3/8/TEXTURE_814DCC3DC72143F49509781513CB9855_AUTODXT_867CD24A4D808BE60603F59CD9077__88141F1B052BEB823D6C0355494AA5B6D10AC96B.udd" 834
"../../../Engine/Content/MobileResources/HUD/MobileHUDDirectionPad2.uasset" 835
"D:/GitHub/SaHS/SaHS/Content/Textures/Menu-Background_Sprite.uasset" 836
"C:/Users/thoma/AppData/Local/UnrealEngine/Common/DerivedDataCache/3/1/5/TEXTURE_814DCC3DC72143F49509781513CB9855_AUTODXT_F6E80D594276B5CBE88A4CB375F1F__DE407619217BCA23186C664FC4AB246A231F8C92.udd" 837
"C:/Users/thoma/AppData/Local/UnrealEngine/Common/DerivedDataCache/4/4/1/TEXTURE_814DCC3DC72143F49509781513CB9855_AUTODXT_F6E80D594276B5CBE88A4CB375F1F__BDDA1B6F6144F255194ACF26DB50961A86CA03DE.udd" 838
"C:/Users/thoma/AppData/Local/UnrealEngine/Common/DerivedDataCache/4/4/5/TEXTURE_814DCC3DC72143F49509781513CB9855_AUTODXT_F6E80D594276B5CBE88A4CB375F1F__2DD5DBF216A20FB759D674F876FF67DA268A8474.udd" 839
"C:/Users/thoma/AppData/Local/UnrealEngine/Common/DerivedDataCache/2/1/9/TEXTURE_814DCC3DC72143F49509781513CB9855_AUTODXT_F6E80D594276B5CBE88A4CB375F1F__022FBF9D92F9AE0221895DD9F75EB7CA97905092.udd" 840
"C:/Users/thoma/AppData/Local/UnrealEngine/Common/DerivedDataCache/0/6/9/TEXTURE_814DCC3DC72143F49509781513CB9855_AUTODXT_F6E80D594276B5CBE88A4CB375F1F__3D686E54B88E9C3F2FC482FAD07DA8DB0A39FDCD.udd" 841
"C:/Users/thoma/AppData/Local/UnrealEngine/Common/DerivedDataCache/6/6/4/TEXTURE_814DCC3DC72143F49509781513CB9855_AUTODXT_F10D26CC43FA89C00D1C69A012B16__1986ABD298012953B9A42F596C503559B79F3347.udd" 842
"D:/GitHub/SaHS/SaHS/Content/Textures/Connector_v2_Sprite.uasset" 843
"D:/GitHub/SaHS/SaHS/Content/Textures/Connector_v2_full_Sprite.uasset" 844
"C:/Users/thoma/AppData/Local/UnrealEngine/Common/DerivedDataCache/7/3/7/TEXTURE_814DCC3DC72143F49509781513CB9855_BGRA8_BE400B7949FFBAEBD16932B2B3E67B9__9510B1C910CC5B653682F76B8765498B88871EED.udd" 845
"../../../Engine/Content/MobileResources/HUD/MobileHUDButton2_off.uasset" 846
"C:/Users/thoma/AppData/Local/UnrealEngine/Common/DerivedDataCache/5/6/2/TEXTURE_814DCC3DC72143F49509781513CB9855_AUTODXT_8D7D66BB456AC781EC358FBCC9F48__FD55B3FFBE1EDFEBDAC54A736B47C22A4F1CF372.udd" 847
"../../../Engine/Content/MobileResources/HUD/T_Castle_ThumbstickOutter.uasset" 848
"../../../Engine/Content/MobileResources/HUD/MobileHUDButton2_on.uasset" 849
"D:/GitHub/SaHS/SaHS/Content/Levels/Main_Screen.umap" 850
"../../../Engine/Content/EditorResources/EmptyActor.uasset" 851
"../../../Engine/Content/EditorResources/LightIcons/S_LightError.uasset" 852
"D:/GitHub/SaHS/SaHS/Content/Textures/To-Options_Sprite.uasset" 853
"C:/Users/thoma/AppData/Local/UnrealEngine/Common/DerivedDataCache/3/9/0/TEXTURE_814DCC3DC72143F49509781513CB9855_AUTODXT_D042B0F64118C29D567A11A95D851__150625320C89A753FD0D1AD60EB567479A9D7798.udd" 854
"../../../Engine/Content/MobileResources/HUD/AnalogHat.uasset" 855
"D:/GitHub/SaHS/SaHS/Content/Levels/Game_Level.umap" 856
"D:/GitHub/SaHS/SaHS/Content/Textures/To-CPU_Sprite.uasset" 857
"D:/GitHub/SaHS/SaHS/Content/Textures/To-CPU-From-Memory_Sprite.uasset" 858
"C:/Users/thoma/AppData/Local/UnrealEngine/Common/DerivedDataCache/2/9/8/TEXTURE_814DCC3DC72143F49509781513CB9855_AUTODXT_C6CE27ED45FF12D6B10F2BAF74E5B__108E87DD315884F1338393DA5C24E6C7C68E7059.udd" 859
"D:/GitHub/SaHS/SaHS/Content/Textures/Information_Area_Sprite.uasset" 860
"C:/Users/thoma/AppData/Local/UnrealEngine/Common/DerivedDataCache/9/0/2/TEXTURE_814DCC3DC72143F49509781513CB9855_BGRA8_FE2877FA4A7FEC6E03A3918E53CE469__B74FDFE06355FAE3C36C369CBE538C6FA2DBB2DA.udd" 861
"D:/GitHub/SaHS/SaHS/Content/Textures/Buttons_Sprite.uasset" 862
"D:/GitHub/SaHS/SaHS/Content/Textures/blank.uasset" 863
"C:/Users/thoma/AppData/Local/Temp/UnrealShaderWorkingDir/46489FD940BEC4AEE00760B1BEA76699/1/WorkerOutputOnly.out" 864
"C:/Users/thoma/AppData/Local/Temp/UnrealShaderWorkingDir/46489FD940BEC4AEE00760B1BEA76699/0/WorkerOutputOnly.out" 865
"D:/GitHub/SaHS/SaHS/Content/Textures/Connector_Sprite.uasset" 866
"D:/GitHub/SaHS/SaHS/Content/Textures/Connector.uasset" 867
"D:/GitHub/SaHS/SaHS/Content/Textures/Instruction-Icon-Template_Sprite.uasset" 868
"../../../Engine/Content/MobileResources/HUD/MobileHUDDirectionStick.uasset" 869
"../../../Engine/Content/MobileResources/HUD/MobileHUDButton3.uasset" 870
"../../../Engine/Content/MobileResources/T_MobileMenu2.uasset" 871
"C:/Users/thoma/AppData/Local/UnrealEngine/Common/DerivedDataCache/4/3/5/TEXTURE_814DCC3DC72143F49509781513CB9855_AUTODXT_6E3FF3A94A80D8E62C2CFEBDD775A__5CB20AF6E30CB6BF06D740E66EA3750E31DF65F0.udd" 872
"C:/Users/thoma/AppData/Local/UnrealEngine/Common/DerivedDataCache/6/4/0/TEXTURE_814DCC3DC72143F49509781513CB9855_BGRA8_D8B39DB04F3DB66A304EEFAB0A18393__D099D0AE3ED5F7207565C0331A54E46A9E79E821.udd" 873
"../../../Engine/Content/MobileResources/HUD/MobileHUDButton1_on.uasset" 874
"../../../Engine/Content/Maps/Entry.umap" 875
"../../../Engine/Content/EngineMaterials/DefaultNormal.uasset" 876
"D:/GitHub/SaHS/SaHS/Content/Textures/Start-Icon_Sprite.uasset" 877
"D:/GitHub/SaHS/SaHS/Content/Textures/Single-Command-Icon-Blank.uasset" 878
"../../../Engine/Content/MobileResources/HUD/MobileHUDDirectionPad3.uasset" 879
"../../../Engine/Content/MobileResources/HUD/LeftVirtualJoystickOnly.uasset" 880
"../../../Engine/Content/MobileResources/T_MobileControls_texture.uasset" 881
"D:/GitHub/SaHS/SaHS/Content/Textures/NumberValue-Icon.uasset" 882
"C:/Users/thoma/AppData/Local/UnrealEngine/Common/DerivedDataCache/1/4/8/TEXTURE_814DCC3DC72143F49509781513CB9855_AUTODXT_55C9B620493EE4436D909D8B594AE__FB9CF9A712E3F6609473F648B61D00562B6CFDD2.udd" 883
"C:/Users/thoma/AppData/Local/UnrealEngine/Common/DerivedDataCache/6/4/4/TEXTURE_814DCC3DC72143F49509781513CB9855_AUTODXT_55C9B620493EE4436D909D8B594AE__59ECE646E903B26778C9DAB982062FA1C7DC4068.udd" 884
"C:/Users/thoma/AppData/Local/UnrealEngine/Common/DerivedDataCache/7/3/7/TEXTURE_814DCC3DC72143F49509781513CB9855_AUTODXT_55C9B620493EE4436D909D8B594AE__A7C5CD62ADCC0B5736553265089DD168233EF874.udd" 885
"C:/Users/thoma/AppData/Local/UnrealEngine/Common/DerivedDataCache/6/3/2/TEXTURE_814DCC3DC72143F49509781513CB9855_AUTODXT_55C9B620493EE4436D909D8B594AE__FC71760D27917321E5C66DE8DC5FAA9F25B0466D.udd" 886
"C:/Users/thoma/AppData/Local/UnrealEngine/Common/DerivedDataCache/2/3/5/TEXTURE_814DCC3DC72143F49509781513CB9855_AUTODXT_55C9B620493EE4436D909D8B594AE__A2A2F25A8BA1F19766E0D0E318DAE60443B47E44.udd" 887
"C:/Users/thoma/AppData/Local/UnrealEngine/Common/DerivedDataCache/5/4/9/TEXTURE_814DCC3DC72143F49509781513CB9855_BGRA8_78F803C9407547B1503D93B0E3E5090__21D0007A59ECE19D8BF12A0949CEC8444774CF7E.udd" 888
"D:/GitHub/SaHS/SaHS/Content/Textures/Call-Icon_Sprite.uasset" 889
"C:/Users/thoma/AppData/Local/UnrealEngine/Common/DerivedDataCache/5/5/6/TEXTURE_814DCC3DC72143F49509781513CB9855_AUTODXT_8AB2F527463B2DFC6E9B11B2321C8__35E932D7162507CB7898B3D409BC09E8C8F49E43.udd" 890
"D:/GitHub/SaHS/SaHS/Content/Textures/Instructions_Area_Sprite.uasset" 891
"D:/GitHub/SaHS/SaHS/Content/Textures/End-Icon_Sprite.uasset" 892
"D:/GitHub/SaHS/SaHS/Content/Textures/Background_Sprite.uasset" 893
"../../../Engine/Content/MobileResources/HUD/MobileHUDButtonFire.uasset" 894
"..\..\..\Engine\Content\Internationalization\icudt53l\windowsZones.res" 895
"..\..\..\Engine\Content\Internationalization\icudt53l\zoneinfo64.res" 896
"..\..\..\Engine\Content\Internationalization\icudt53l\keyTypeData.res" 897
"..\..\..\Engine\Content\Internationalization\icudt53l\timezoneTypes.res" 898
"..\..\..\Engine\Content\Internationalization\icudt53l\supplementalData.res" 899
"..\..\..\Engine\Content\Internationalization\icudt53l\likelySubtags.res" 900
